
################################################################################
#
# This file has been generated by SpyGlass:
#     Report Name      : no_msg_reporting_rules
#     Report Created by: nitintyagi
#     Report Created on:  Thu Jan 23 13:04:02 2025
#     Working Directory: /home/nitintyagi/pulpino
#     SpyGlass Version : SpyGlass_vW-2024.09
#     Policy Name      : SpyGlass(SpyGlass_vW-2024.09)
#                        clock-reset(SpyGlass_vW-2024.09)
#                        erc(SpyGlass_vW-2024.09)
#                        latch(SpyGlass_vW-2024.09)
#                        lint(SpyGlass_vW-2024.09)
#                        morelint(SpyGlass_vW-2024.09)
#                        openmore(SpyGlass_vW-2024.09)
#                        power_est(SpyGlass_vW-2024.09)
#                        simulation(SpyGlass_vW-2024.09)
#                        starc(SpyGlass_vW-2024.09)
#                        starc2005(SpyGlass_vW-2024.09)
#                        txv(SpyGlass_vW-2024.09)
#
#     Total Number of Generated Messages :        207
#     Number of Waived Messages          :          0
#     Number of Reported Messages        :        207
#     Number of Overlimit Messages       :          0
#
#
################################################################################

NO VIOLATION RULE REPORT :
++++++++++++++++++++++++++++++++++++++++++++++++++++++++++++++++++++++++++++++++

Following rules did not produce any violation or waived off during spyglass run

++++++++++++++++++++++++++++++++++++++++++++++++++++++++++++++++++++++++++++++++


================================================================================
	INDEX                                   RULE-NAME
================================================================================
	1                                  AutomaticFuncTask-ML
	2                                  BlockHeader
	3                                  BufClock
	4                                  CheckDelayTimescale-ML
	5                                  CombLoop
	6                                  DisallowCaseX-ML
	7                                  DuplicateCaseLabel-ML
	8                                  FlopClockConstant
	9                                  FlopSRConst
	10                                 HdlLibDuCheck_03
	11                                 ImproperRangeIndex-ML
	12                                 InferLatch
	13                                 InstPortConnType-ML
	14                                 LatchFeedback
	15                                 NoAssignX-ML
	16                                 NoFeedThrus-ML
	17                                 NoGenLabel-ML
	18                                 NoXInCase-ML
	19                                 ParamWidthMismatch-ML
	20                                 PragmaComments-ML
	21                                 ReportPortInfo-ML
	22                                 ReserveNameSystemVerilog-ML
	23                                 STARC-2.3.4.3
	24                                 STARC05-1.1.1.1
	25                                 STARC05-1.2.1.2
	26                                 STARC05-1.3.1.3
	27                                 STARC05-1.4.3.2
	28                                 STARC05-1.4.3.4
	29                                 STARC05-2.1.1.2
	30                                 STARC05-2.1.3.1
	31                                 STARC05-2.1.4.5
	32                                 STARC05-2.1.5.3
	33                                 STARC05-2.1.6.5
	34                                 STARC05-2.10.1.4a
	35                                 STARC05-2.10.1.4b
	36                                 STARC05-2.10.2.3
	37                                 STARC05-2.10.3.2a
	38                                 STARC05-2.11.3.1
	39                                 STARC05-2.2.3.1
	40                                 STARC05-2.2.3.3
	41                                 STARC05-2.3.1.2c
	42                                 STARC05-2.3.1.5b
	43                                 STARC05-2.3.1.6
	44                                 STARC05-2.3.4.1
	45                                 STARC05-2.3.4.1v
	46                                 STARC05-2.4.1.5
	47                                 STARC05-2.5.1.2
	48                                 STARC05-2.5.1.7
	49                                 STARC05-2.5.1.9
	50                                 STARC05-2.8.1.3
	51                                 STARC05-2.8.1.5
	52                                 STARC05-2.8.5.1
	53                                 STARC05-2.9.1.2a
	54                                 STARC05-2.9.1.2b
	55                                 SameControlNDataNet-ML
	56                                 SetBeforeRead-ML
	57                                 SigAssignZ-ML
	58                                 TristatePort-ML
	59                                 TristateSig-ML
	60                                 UndrivenInTerm-ML
	61                                 UndrivenNet-ML
	62                                 UndrivenOutPort-ML
	63                                 UnrecSynthDir-ML
	64                                 W110
	65                                 W110a
	66                                 W116
	67                                 W122
	68                                 W123
	69                                 W127
	70                                 W156
	71                                 W163
	72                                 W164a
	73                                 W164b
	74                                 W167
	75                                 W188
	76                                 W19
	77                                 W193
	78                                 W210
	79                                 W215
	80                                 W216
	81                                 W218
	82                                 W238
	83                                 W239
	84                                 W240
	85                                 W241
	86                                 W245
	87                                 W263
	88                                 W287a
	89                                 W287c
	90                                 W289
	91                                 W292
	92                                 W293
	93                                 W314
	94                                 W316
	95                                 W317
	96                                 W336
	97                                 W337
	98                                 W339a
	99                                 W342
	100                                W343
	101                                W352
	102                                W362
	103                                W391
	104                                W392
	105                                W398
	106                                W401
	107                                W402b
	108                                W414
	109                                W415
	110                                W416
	111                                W421
	112                                W422
	113                                W423
	114                                W424
	115                                W426
	116                                W438
	117                                W442a
	118                                W442b
	119                                W442c
	120                                W442f
	121                                W443
	122                                W444
	123                                W450L
	124                                W464
	125                                W467
	126                                W479
	127                                W480
	128                                W481a
	129                                W481b
	130                                W486
	131                                W494
	132                                W496a
	133                                W496b
	134                                W499
	135                                W502
	136                                W505
	137                                W527
	138                                W552
	139                                W553
	140                                W561
	141                                W575
	142                                W576
	143                                W66
	144                                W71
	145                                badimplicitSM1
	146                                badimplicitSM2
	147                                badimplicitSM4
	148                                bothedges
	149                                checkPinConnectedToSupply
	150                                infiniteloop
	151                                mixedsenselist
	152                                sim_race02
	153                                sim_race07
================================================================================
