
################################################################################
#
# This file has been generated by SpyGlass:
#     Report Name      : no_msg_reporting_rules
#     Report Created by: nitintyagi
#     Report Created on:  Thu Jan 23 11:23:18 2025
#     Working Directory: /home/nitintyagi/pulpino
#     SpyGlass Version : SpyGlass_vW-2024.09
#     Policy Name      : SpyGlass(SpyGlass_vW-2024.09)
#                        clock-reset(SpyGlass_vW-2024.09)
#                        morelint(SpyGlass_vW-2024.09)
#                        power_est(SpyGlass_vW-2024.09)
#                        txv(SpyGlass_vW-2024.09)
#
#     Total Number of Generated Messages :         11
#     Number of Waived Messages          :          0
#     Number of Reported Messages        :         11
#     Number of Overlimit Messages       :          0
#
#
################################################################################

NO VIOLATION RULE REPORT :
++++++++++++++++++++++++++++++++++++++++++++++++++++++++++++++++++++++++++++++++

Following rules did not produce any violation or waived off during spyglass run

++++++++++++++++++++++++++++++++++++++++++++++++++++++++++++++++++++++++++++++++


================================================================================
	INDEX                                   RULE-NAME
================================================================================
	1                                  Ac_resetvalue01
	2                                  Ar_converge01
	3                                  Ar_syncrst_setupcheck01
	4                                  Clock_check10
	5                                  Clock_converge01
	6                                  Clock_info01
	7                                  Clock_info03a
	8                                  Clock_info03b
	9                                  Clock_info03c
	10                                 Clock_info05
	11                                 Clock_info05b
	12                                 Clock_info05c
	13                                 Clock_info15
	14                                 FalsePathSetup
	15                                 Info_Case_Analysis
	16                                 Reset_check03
	17                                 Reset_check11
	18                                 Reset_check12
	19                                 Reset_info01
	20                                 Reset_info09a
	21                                 Setup_blackbox01
	22                                 Setup_library01
	23                                 Setup_port01
================================================================================
