
################################################################################
#
# This file has been generated by SpyGlass:
#     Report Name      : moresimple
#     Report Created by: nitintyagi
#     Report Created on:  Thu Jan 23 11:43:39 2025
#     Working Directory: /home/nitintyagi/pulpino
#     SpyGlass Version : SpyGlass_vW-2024.09
#     Policy Name      : SpyGlass(SpyGlass_vW-2024.09)
#
#     Total Number of Generated Messages :         10
#     Number of Waived Messages          :          0
#     Number of Reported Messages        :         10
#     Number of Overlimit Messages       :          0
#
#
################################################################################

+++++++++++++++++++++++++++++++++++++++++++++++++++++++++++++++++++++++
MORESIMPLE REPORT:
############### FATAL MESSAGES ############### 
+++++++++++++++++++++++++++++++++++++++++++++++++++++++++++++++++++++++++++++++++
ID       Rule          Alias         Severity    File                            Line    Wt      Message
======================================================================================
[3]      STX_VE_602    STX_VE_602    Syntax      rtl/fpnew_pkg.sv                14      1000    Redefinition of name ( fpnew_pkg ). Previously defined in file ( rtl/fpnew_pkg.sv ), at line ( 14 )
[4]      STX_VE_602    STX_VE_602    Syntax      rtl/apu_core_package.sv         22      1000    Redefinition of name ( apu_core_package ). Previously defined in file ( rtl/apu_core_package.sv ), at line ( 22 )
[5]      STX_VE_602    STX_VE_602    Syntax      rtl/fpnew_pkg.sv                14      1000    Redefinition of name ( fpnew_pkg ). Previously defined in file ( rtl/fpnew_pkg.sv ), at line ( 14 )
[6]      STX_VE_602    STX_VE_602    Syntax      rtl/riscv_defines.v             26      1000    Redefinition of name ( riscv_defines ). Previously defined in file ( rtl/riscv_defines.v ), at line ( 26 )
[7]      STX_VE_602    STX_VE_602    Syntax      rtl/cf_math_pkg.sv              18      1000    Redefinition of name ( cf_math_pkg ). Previously defined in file ( rtl/cf_math_pkg.sv ), at line ( 18 )
[8]      STX_VE_492    STX_VE_492    Syntax      rtl/riscv_load_store_unit.sv    293     1000    Syntax error near ( final ). Please use 'set_option allow_non_lrm yes or set_option non_lrm_options allow_assert_final' to allow ( final construct ) NON-LRM feature
[9]      STX_VE_589    STX_VE_589    Syntax      rtl/riscv_mult.sv               28      1000    Module name ( riscv_mult ) previously declared in file ( rtl/risc_mult.sv ), at line no < 28 >. Specify 'set_option allow_module_override yes' to support multiple module definitions with the same name
+++++++++++++++++++++++++++++++++++++++++++++++++++++++++++++++++++++++++++++++++++++++


############### BuiltIn -> RuleGroup=Command-line read ###############
+++++++++++++++++++++++++++++++++++++++++++++++++++++++++++++++++++++++++++++++++++++++
ID       Rule                  Alias                  Severity    File    Line    Wt    Message
======================================================================================
[0]      checkCMD_dirfile03    NonExistenceFileDir    Warning     N.A.    0       10    Option '+incdir': Directory specification 'rtl/components' does not exists. Reason:No such file or directory
[1]      checkCMD_dirfile03    NonExistenceFileDir    Warning     N.A.    0       10    Option '+incdir': Directory specification 'rtl/includes' does not exists. Reason:No such file or directory
[2]      checkCMD_ignore01     OptionWOCmdOnly        Info        N.A.    0       10    Option 'enableSV' ignored as another option(s) 'enableSV09' have been specified
+++++++++++++++++++++++++++++++++++++++++++++++++++++++++++++++++++++++++++++++++++++++
