
################################################################################
#
# This file has been generated by SpyGlass:
#     Report Name      : no_msg_reporting_rules
#     Report Created by: nitintyagi
#     Report Created on:  Thu Jan 23 13:03:58 2025
#     Working Directory: /home/nitintyagi/pulpino
#     SpyGlass Version : SpyGlass_vW-2024.09
#     Policy Name      : SpyGlass(SpyGlass_vW-2024.09)
#                        clock-reset(SpyGlass_vW-2024.09)
#                        erc(SpyGlass_vW-2024.09)
#                        latch(SpyGlass_vW-2024.09)
#                        lint(SpyGlass_vW-2024.09)
#                        morelint(SpyGlass_vW-2024.09)
#                        openmore(SpyGlass_vW-2024.09)
#                        power_est(SpyGlass_vW-2024.09)
#                        simulation(SpyGlass_vW-2024.09)
#                        starc(SpyGlass_vW-2024.09)
#                        starc2005(SpyGlass_vW-2024.09)
#                        txv(SpyGlass_vW-2024.09)
#
#     Total Number of Generated Messages :        202
#     Number of Waived Messages          :          0
#     Number of Reported Messages        :        202
#     Number of Overlimit Messages       :          0
#
#
################################################################################

NO VIOLATION RULE REPORT :
++++++++++++++++++++++++++++++++++++++++++++++++++++++++++++++++++++++++++++++++

Following rules did not produce any violation or waived off during spyglass run

++++++++++++++++++++++++++++++++++++++++++++++++++++++++++++++++++++++++++++++++


================================================================================
	INDEX                                   RULE-NAME
================================================================================
	1                                  BlockHeader
	2                                  BufClock
	3                                  CheckDelayTimescale-ML
	4                                  CombLoop
	5                                  FlopClockConstant
	6                                  FlopEConst
	7                                  FlopSRConst
	8                                  InferLatch
	9                                  LatchFeedback
	10                                 NoAssignX-ML
	11                                 NoXInCase-ML
	12                                 ParamWidthMismatch-ML
	13                                 STARC05-1.2.1.2
	14                                 STARC05-1.3.1.3
	15                                 STARC05-1.4.3.4
	16                                 STARC05-2.1.3.1
	17                                 STARC05-2.1.4.5
	18                                 STARC05-2.1.5.3
	19                                 STARC05-2.1.6.5
	20                                 STARC05-2.10.1.4a
	21                                 STARC05-2.10.1.4b
	22                                 STARC05-2.10.2.3
	23                                 STARC05-2.10.3.2a
	24                                 STARC05-2.11.3.1
	25                                 STARC05-2.2.3.3
	26                                 STARC05-2.3.1.2c
	27                                 STARC05-2.3.1.5b
	28                                 STARC05-2.3.1.6
	29                                 STARC05-2.3.3.1
	30                                 STARC05-2.3.4.1v
	31                                 STARC05-2.4.1.5
	32                                 STARC05-2.5.1.2
	33                                 STARC05-2.5.1.7
	34                                 STARC05-2.5.1.9
	35                                 UndrivenInTerm-ML
	36                                 W110
	37                                 W110a
	38                                 W116
	39                                 W122
	40                                 W123
	41                                 W156
	42                                 W19
	43                                 W215
	44                                 W216
	45                                 W218
	46                                 W224
	47                                 W240
	48                                 W263
	49                                 W287a
	50                                 W287b
	51                                 W289
	52                                 W292
	53                                 W293
	54                                 W317
	55                                 W336
	56                                 W337
	57                                 W339a
	58                                 W352
	59                                 W362
	60                                 W392
	61                                 W398
	62                                 W414
	63                                 W415
	64                                 W415a
	65                                 W416
	66                                 W421
	67                                 W422
	68                                 W424
	69                                 W426
	70                                 W442a
	71                                 W442b
	72                                 W442c
	73                                 W442f
	74                                 W450L
	75                                 W467
	76                                 W480
	77                                 W481a
	78                                 W481b
	79                                 W486
	80                                 W496a
	81                                 W496b
	82                                 W499
	83                                 W502
	84                                 W505
	85                                 W528
	86                                 W66
	87                                 W71
	88                                 badimplicitSM1
	89                                 badimplicitSM2
	90                                 badimplicitSM4
	91                                 bothedges
	92                                 checkPinConnectedToSupply
	93                                 mixedsenselist
	94                                 sim_race02
================================================================================
