
################################################################################
#
# This file has been generated by SpyGlass:
#     Report Name      : moresimple_turbo
#     Report Created by: nitintyagi
#     Report Created on: Thu Jan 23 13:04:06 2025
#     Working Directory: /home/nitintyagi/pulpino
#     SpyGlass Version : SpyGlass_vW-2024.09
#     Policy Name      : SpyGlass(SpyGlass_vW-2024.09)
#                        clock-reset(SpyGlass_vW-2024.09)
#                        erc(SpyGlass_vW-2024.09)
#                        latch(SpyGlass_vW-2024.09)
#                        lint(SpyGlass_vW-2024.09)
#                        morelint(SpyGlass_vW-2024.09)
#                        openmore(SpyGlass_vW-2024.09)
#                        power_est(SpyGlass_vW-2024.09)
#                        simulation(SpyGlass_vW-2024.09)
#                        starc(SpyGlass_vW-2024.09)
#                        starc2005(SpyGlass_vW-2024.09)
#                        txv(SpyGlass_vW-2024.09)
#
#     Total Number of Generated Primary Messages   :        203
#     Total Number of Generated Secondary Messages :          0
#     Number of Waived Primary Messages            :          0
#     Number of Waived Secondary Messages          :          0
#     Number of Reported Primary Messages          :        203
#     Number of Reported Secondary Messages        :          0
#     Number of Overlimit Messages                 :          0
#
#
################################################################################

++++++++++++++++++++++++++++++++++++++++++++++++++++++++++++++++++++++++++++++++++++++++++++++++++++++++++++++++
MORESIMPLE_TURBO REPORT:
############### FATAL MESSAGES ############### 
++++++++++++++++++++++++++++++++++++++++++++++++++++++++++++++++++++++++++++++++++++++++++++++++++++++++++++++++++
ID       ParentID   Rule          Alias         Severity    File                               Line    Wt      Message
========================================================================================================================
[1]      N.A        STX_VE_485    STX_VE_485    Syntax      rtl/adbg_axi_module.sv             65      1000    Include file ( adbg_defines.v ) could not be found or opened in read mode from current working directory ( /home/nitintyagi/pulpino ) or other include directory paths( if any )
[2]      N.A        STX_VE_485    STX_VE_485    Syntax      rtl/adbg_axi_module.sv             66      1000    Include file ( adbg_axi_defines.v ) could not be found or opened in read mode from current working directory ( /home/nitintyagi/pulpino ) or other include directory paths( if any )
[3]      N.A        STX_VE_533    STX_VE_533    Syntax      rtl/adbg_axi_module.sv             86      1000    Used macro ( DBG_TOP_MODULE_DATA_LEN ) has not been defined. Trace: (None)
[4]      N.A        STX_VE_485    STX_VE_485    Syntax      rtl/adbg_or1k_module.sv            65      1000    Include file ( adbg_defines.v ) could not be found or opened in read mode from current working directory ( /home/nitintyagi/pulpino ) or other include directory paths( if any )
[5]      N.A        STX_VE_485    STX_VE_485    Syntax      rtl/adbg_or1k_module.sv            66      1000    Include file ( adbg_or1k_defines.v ) could not be found or opened in read mode from current working directory ( /home/nitintyagi/pulpino ) or other include directory paths( if any )
[6]      N.A        STX_VE_485    STX_VE_485    Syntax      rtl/adbg_or1k_status_reg.sv        66      1000    Include file ( adbg_or1k_defines.v ) could not be found or opened in read mode from current working directory ( /home/nitintyagi/pulpino ) or other include directory paths( if any )
[7]      N.A        STX_VE_485    STX_VE_485    Syntax      rtl/adbg_tap_top.sv                70      1000    Include file ( adbg_tap_defines.v ) could not be found or opened in read mode from current working directory ( /home/nitintyagi/pulpino ) or other include directory paths( if any )
[8]      N.A        STX_VE_485    STX_VE_485    Syntax      rtl/adbg_top.sv                    40      1000    Include file ( adbg_defines.v ) could not be found or opened in read mode from current working directory ( /home/nitintyagi/pulpino ) or other include directory paths( if any )
[9]      N.A        STX_VE_485    STX_VE_485    Syntax      rtl/apb_bus.sv                     15      1000    Include file ( config.sv ) could not be found or opened in read mode from current working directory ( /home/nitintyagi/pulpino ) or other include directory paths( if any )
[A]      N.A        STX_VE_485    STX_VE_485    Syntax      rtl/apb_event_unit.sv              11      1000    Include file ( defines_event_unit.sv ) could not be found or opened in read mode from current working directory ( /home/nitintyagi/pulpino ) or other include directory paths( if any )
[B]      N.A        STX_VE_533    STX_VE_533    Syntax      rtl/apb_event_unit.sv              55      1000    Used macro ( ADR_MAX_ADR ) has not been defined. Trace: (None)
[C]      N.A        STX_VE_533    STX_VE_533    Syntax      rtl/apb_event_unit.sv              55      1000    Used macro ( REGS_MAX_ADR ) has not been defined. Trace: (None)
[D]      N.A        STX_VE_533    STX_VE_533    Syntax      rtl/apb_event_unit.sv              55      1000    Used macro ( REGS_MAX_ADR ) has not been defined. Trace: (None)
[E]      N.A        STX_VE_485    STX_VE_485    Syntax      rtl/apb_i2c.sv                     1       1000    Include file ( i2c_master_defines.sv ) could not be found or opened in read mode from current working directory ( /home/nitintyagi/pulpino ) or other include directory paths( if any )
[F]      N.A        STX_VE_485    STX_VE_485    Syntax      rtl/apb_timer.sv                   13      1000    Include file ( defines_event_unit.sv ) could not be found or opened in read mode from current working directory ( /home/nitintyagi/pulpino ) or other include directory paths( if any )
[10]     N.A        STX_VE_533    STX_VE_533    Syntax      rtl/apb_timer.sv                   39      1000    Used macro ( REGS_MAX_ADR ) has not been defined. Trace: (None)
[11]     N.A        STX_VE_533    STX_VE_533    Syntax      rtl/apb_timer.sv                   39      1000    Used macro ( REGS_MAX_ADR ) has not been defined. Trace: (None)
[12]     N.A        STX_VE_589    STX_VE_589    Syntax      rtl/assert_tb.v                    1       1000    Module name ( uart_tx_tb ) previously declared in file ( rtl/assert_tb.sv ), at line no < 1 >. Specify 'set_option allow_module_override yes' to support multiple module definitions with the same name
[13]     N.A        STX_VE_485    STX_VE_485    Syntax      rtl/axi2apb_wrap.sv                11      1000    Include file ( axi_bus.sv ) could not be found or opened in read mode from current working directory ( /home/nitintyagi/pulpino ) or other include directory paths( if any )
[14]     N.A        STX_VE_485    STX_VE_485    Syntax      rtl/axi_bus.sv                     14      1000    Include file ( config.sv ) could not be found or opened in read mode from current working directory ( /home/nitintyagi/pulpino ) or other include directory paths( if any )
[15]     N.A        STX_VE_485    STX_VE_485    Syntax      rtl/axi_mem_if_SP_wrap.sv          11      1000    Include file ( axi_bus.sv ) could not be found or opened in read mode from current working directory ( /home/nitintyagi/pulpino ) or other include directory paths( if any )
[16]     N.A        STX_VE_485    STX_VE_485    Syntax      rtl/axi_node_intf_wrap.sv          12      1000    Include file ( axi_bus.sv ) could not be found or opened in read mode from current working directory ( /home/nitintyagi/pulpino ) or other include directory paths( if any )
[17]     N.A        STX_VE_485    STX_VE_485    Syntax      rtl/boot_rom_wrap.sv               12      1000    Include file ( config.sv ) could not be found or opened in read mode from current working directory ( /home/nitintyagi/pulpino ) or other include directory paths( if any )
[18]     N.A        STX_VE_533    STX_VE_533    Syntax      rtl/boot_rom_wrap.sv               16      1000    Used macro ( ROM_ADDR_WIDTH ) has not been defined. Trace: (None)
[19]     N.A        STX_VE_485    STX_VE_485    Syntax      rtl/core2axi_wrap.sv               12      1000    Include file ( axi_bus.sv ) could not be found or opened in read mode from current working directory ( /home/nitintyagi/pulpino ) or other include directory paths( if any )
[1A]     N.A        STX_VE_485    STX_VE_485    Syntax      rtl/core_region.sv                 12      1000    Include file ( axi_bus.sv ) could not be found or opened in read mode from current working directory ( /home/nitintyagi/pulpino ) or other include directory paths( if any )
[1B]     N.A        STX_VE_485    STX_VE_485    Syntax      rtl/core_region.sv                 13      1000    Include file ( config.sv ) could not be found or opened in read mode from current working directory ( /home/nitintyagi/pulpino ) or other include directory paths( if any )
[1C]     N.A        STX_VE_485    STX_VE_485    Syntax      rtl/debug_bus.sv                   14      1000    Include file ( config.sv ) could not be found or opened in read mode from current working directory ( /home/nitintyagi/pulpino ) or other include directory paths( if any )
[1D]     N.A        STX_VE_485    STX_VE_485    Syntax      rtl/dp_ram_wrap.sv                 12      1000    Include file ( config.sv ) could not be found or opened in read mode from current working directory ( /home/nitintyagi/pulpino ) or other include directory paths( if any )
[1E]     N.A        STX_VE_485    STX_VE_485    Syntax      rtl/generic_service_unit.sv        11      1000    Include file ( defines_event_unit.sv ) could not be found or opened in read mode from current working directory ( /home/nitintyagi/pulpino ) or other include directory paths( if any )
[20]     N.A        STX_VE_485    STX_VE_485    Syntax      rtl/i2c_master_bit_ctrl.sv         137     1000    Include file ( i2c_master_defines.sv ) could not be found or opened in read mode from current working directory ( /home/nitintyagi/pulpino ) or other include directory paths( if any )
[21]     N.A        STX_VE_533    STX_VE_533    Syntax      rtl/i2c_master_bit_ctrl.sv         317     1000    Used macro ( I2C_CMD_STOP ) has not been defined. Trace: (None)
[22]     N.A        STX_VE_533    STX_VE_533    Syntax      rtl/i2c_master_bit_ctrl.sv         381     1000    Used macro ( I2C_CMD_START ) has not been defined. Trace: (None)
[23]     N.A        STX_VE_533    STX_VE_533    Syntax      rtl/i2c_master_bit_ctrl.sv         382     1000    Used macro ( I2C_CMD_STOP ) has not been defined. Trace: (None)
[24]     N.A        STX_VE_533    STX_VE_533    Syntax      rtl/i2c_master_bit_ctrl.sv         383     1000    Used macro ( I2C_CMD_WRITE ) has not been defined. Trace: (None)
[25]     N.A        STX_VE_533    STX_VE_533    Syntax      rtl/i2c_master_bit_ctrl.sv         384     1000    Used macro ( I2C_CMD_READ ) has not been defined. Trace: (None)
[26]     N.A        STX_VE_776    STX_VE_776    Syntax      rtl/i2c_master_bit_ctrl.sv         539     1000    Always statement not allowed in this scope
[27]     N.A        STX_VE_485    STX_VE_485    Syntax      rtl/i2c_master_byte_ctrl.sv        69      1000    Include file ( i2c_master_defines.sv ) could not be found or opened in read mode from current working directory ( /home/nitintyagi/pulpino ) or other include directory paths( if any )
[28]     N.A        STX_VE_533    STX_VE_533    Syntax      rtl/i2c_master_byte_ctrl.sv        194     1000    Used macro ( I2C_CMD_NOP ) has not been defined. Trace: (None)
[29]     N.A        STX_VE_533    STX_VE_533    Syntax      rtl/i2c_master_byte_ctrl.sv        204     1000    Used macro ( I2C_CMD_NOP ) has not been defined. Trace: (None)
[2A]     N.A        STX_VE_533    STX_VE_533    Syntax      rtl/i2c_master_byte_ctrl.sv        228     1000    Used macro ( I2C_CMD_START ) has not been defined. Trace: (None)
[2B]     N.A        STX_VE_533    STX_VE_533    Syntax      rtl/i2c_master_byte_ctrl.sv        233     1000    Used macro ( I2C_CMD_READ ) has not been defined. Trace: (None)
[2C]     N.A        STX_VE_533    STX_VE_533    Syntax      rtl/i2c_master_byte_ctrl.sv        238     1000    Used macro ( I2C_CMD_WRITE ) has not been defined. Trace: (None)
[2D]     N.A        STX_VE_533    STX_VE_533    Syntax      rtl/i2c_master_byte_ctrl.sv        243     1000    Used macro ( I2C_CMD_STOP ) has not been defined. Trace: (None)
[2E]     N.A        STX_VE_533    STX_VE_533    Syntax      rtl/i2c_master_byte_ctrl.sv        255     1000    Used macro ( I2C_CMD_READ ) has not been defined. Trace: (None)
[2F]     N.A        STX_VE_533    STX_VE_533    Syntax      rtl/i2c_master_byte_ctrl.sv        260     1000    Used macro ( I2C_CMD_WRITE ) has not been defined. Trace: (None)
[30]     N.A        STX_VE_533    STX_VE_533    Syntax      rtl/i2c_master_byte_ctrl.sv        271     1000    Used macro ( I2C_CMD_READ ) has not been defined. Trace: (None)
[31]     N.A        STX_VE_533    STX_VE_533    Syntax      rtl/i2c_master_byte_ctrl.sv        276     1000    Used macro ( I2C_CMD_WRITE ) has not been defined. Trace: (None)
[32]     N.A        STX_VE_533    STX_VE_533    Syntax      rtl/i2c_master_byte_ctrl.sv        286     1000    Used macro ( I2C_CMD_WRITE ) has not been defined. Trace: (None)
[33]     N.A        STX_VE_533    STX_VE_533    Syntax      rtl/i2c_master_byte_ctrl.sv        291     1000    Used macro ( I2C_CMD_READ ) has not been defined. Trace: (None)
[34]     N.A        STX_VE_533    STX_VE_533    Syntax      rtl/i2c_master_byte_ctrl.sv        304     1000    Used macro ( I2C_CMD_STOP ) has not been defined. Trace: (None)
[35]     N.A        STX_VE_533    STX_VE_533    Syntax      rtl/i2c_master_byte_ctrl.sv        309     1000    Used macro ( I2C_CMD_NOP ) has not been defined. Trace: (None)
[36]     N.A        STX_VE_533    STX_VE_533    Syntax      rtl/i2c_master_byte_ctrl.sv        327     1000    Used macro ( I2C_CMD_NOP ) has not been defined. Trace: (None)
[37]     N.A        STX_VE_485    STX_VE_485    Syntax      rtl/instr_ram_wrap.sv              12      1000    Include file ( config.sv ) could not be found or opened in read mode from current working directory ( /home/nitintyagi/pulpino ) or other include directory paths( if any )
[38]     N.A        STX_VE_485    STX_VE_485    Syntax      rtl/periph_bus_wrap.sv             11      1000    Include file ( apb_bus.sv ) could not be found or opened in read mode from current working directory ( /home/nitintyagi/pulpino ) or other include directory paths( if any )
[39]     N.A        STX_VE_485    STX_VE_485    Syntax      rtl/peripherals.sv                 11      1000    Include file ( axi_bus.sv ) could not be found or opened in read mode from current working directory ( /home/nitintyagi/pulpino ) or other include directory paths( if any )
[3A]     N.A        STX_VE_485    STX_VE_485    Syntax      rtl/peripherals.sv                 12      1000    Include file ( apb_bus.sv ) could not be found or opened in read mode from current working directory ( /home/nitintyagi/pulpino ) or other include directory paths( if any )
[3B]     N.A        STX_VE_485    STX_VE_485    Syntax      rtl/peripherals.sv                 13      1000    Include file ( debug_bus.sv ) could not be found or opened in read mode from current working directory ( /home/nitintyagi/pulpino ) or other include directory paths( if any )
[3C]     N.A        STX_VE_485    STX_VE_485    Syntax      rtl/peripherals.sv                 14      1000    Include file ( config.sv ) could not be found or opened in read mode from current working directory ( /home/nitintyagi/pulpino ) or other include directory paths( if any )
[3D]     N.A        STX_VE_485    STX_VE_485    Syntax      rtl/pulpino_tb.v                   1       1000    Include file ( pulpino_wrap.v ) could not be found or opened in read mode from current working directory ( /home/nitintyagi/pulpino ) or other include directory paths( if any )
[3E]     N.A        STX_VE_485    STX_VE_485    Syntax      rtl/pulpino_top.sv                 11      1000    Include file ( axi_bus.sv ) could not be found or opened in read mode from current working directory ( /home/nitintyagi/pulpino ) or other include directory paths( if any )
[3F]     N.A        STX_VE_485    STX_VE_485    Syntax      rtl/pulpino_top.sv                 12      1000    Include file ( debug_bus.sv ) could not be found or opened in read mode from current working directory ( /home/nitintyagi/pulpino ) or other include directory paths( if any )
[40]     N.A        STX_VE_512    STX_VE_512    Syntax      rtl/risc_mult.sv                   28      1000    Package scope resolution failed. Token ( riscv_defines ) is not a package. Move package definition before the use of the package
[41]     N.A        STX_VE_481    STX_VE_481    Syntax      rtl/risc_mult.sv                   28      1000    Syntax error near ( :: )
[42]     N.A        STX_VE_512    STX_VE_512    Syntax      rtl/riscv_alu.sv                   29      1000    Package scope resolution failed. Token ( riscv_defines ) is not a package. Move package definition before the use of the package
[43]     N.A        STX_VE_481    STX_VE_481    Syntax      rtl/riscv_alu.sv                   29      1000    Syntax error near ( :: )
[44]     N.A        STX_VE_512    STX_VE_512    Syntax      rtl/riscv_alu.sv                   1158    1000    Package scope resolution failed. Token ( riscv_defines ) is not a package. Move package definition before the use of the package
[45]     N.A        STX_VE_481    STX_VE_481    Syntax      rtl/riscv_alu.sv                   1158    1000    Syntax error near ( :: )
[46]     N.A        STX_VE_512    STX_VE_512    Syntax      rtl/riscv_alu.sv                   1236    1000    Package scope resolution failed. Token ( riscv_defines ) is not a package. Move package definition before the use of the package
[47]     N.A        STX_VE_481    STX_VE_481    Syntax      rtl/riscv_alu.sv                   1236    1000    Syntax error near ( :: )
[48]     N.A        STX_VE_512    STX_VE_512    Syntax      rtl/riscv_compressed_decoder.sv    27      1000    Package scope resolution failed. Token ( riscv_defines ) is not a package. Move package definition before the use of the package
[49]     N.A        STX_VE_481    STX_VE_481    Syntax      rtl/riscv_compressed_decoder.sv    27      1000    Syntax error near ( :: )
[4A]     N.A        STX_VE_512    STX_VE_512    Syntax      rtl/riscv_controller.sv            30      1000    Package scope resolution failed. Token ( riscv_defines ) is not a package. Move package definition before the use of the package
[4B]     N.A        STX_VE_481    STX_VE_481    Syntax      rtl/riscv_controller.sv            30      1000    Syntax error near ( :: )
[4C]     N.A        STX_VE_485    STX_VE_485    Syntax      rtl/riscv_core.sv                  32      1000    Include file ( riscv_config.sv ) could not be found or opened in read mode from current working directory ( /home/nitintyagi/pulpino ) or other include directory paths( if any )
[4D]     N.A        STX_VE_485    STX_VE_485    Syntax      rtl/riscv_core.sv                  33      1000    Include file ( apu_core_package.sv ) could not be found or opened in read mode from current working directory ( /home/nitintyagi/pulpino ) or other include directory paths( if any )
[4E]     N.A        STX_VE_485    STX_VE_485    Syntax      rtl/riscv_core.sv                  34      1000    Include file ( riscv_defines.v ) could not be found or opened in read mode from current working directory ( /home/nitintyagi/pulpino ) or other include directory paths( if any )
[4F]     N.A        STX_VE_512    STX_VE_512    Syntax      rtl/riscv_core.sv                  35      1000    Package scope resolution failed. Token ( riscv_defines ) is not a package. Move package definition before the use of the package
[50]     N.A        STX_VE_481    STX_VE_481    Syntax      rtl/riscv_core.sv                  35      1000    Syntax error near ( :: )
[51]     N.A        STX_VE_485    STX_VE_485    Syntax      rtl/riscv_cs_registers.sv          28      1000    Include file ( cf_math_pkg.sv ) could not be found or opened in read mode from current working directory ( /home/nitintyagi/pulpino ) or other include directory paths( if any )
[52]     N.A        STX_VE_512    STX_VE_512    Syntax      rtl/riscv_cs_registers.sv          31      1000    Package scope resolution failed. Token ( riscv_defines ) is not a package. Move package definition before the use of the package
[53]     N.A        STX_VE_481    STX_VE_481    Syntax      rtl/riscv_cs_registers.sv          31      1000    Syntax error near ( :: )
[54]     N.A        STX_VE_485    STX_VE_485    Syntax      rtl/riscv_decoder.sv               28      1000    Include file ( apu_macros.sv ) could not be found or opened in read mode from current working directory ( /home/nitintyagi/pulpino ) or other include directory paths( if any )
[55]     N.A        STX_VE_512    STX_VE_512    Syntax      rtl/riscv_decoder.sv               30      1000    Package scope resolution failed. Token ( riscv_defines ) is not a package. Move package definition before the use of the package
[56]     N.A        STX_VE_481    STX_VE_481    Syntax      rtl/riscv_decoder.sv               30      1000    Syntax error near ( :: )
[57]     N.A        STX_VE_481    STX_VE_481    Syntax      rtl/riscv_decoder.sv               30      1000    Syntax error near ( import )
[58]     N.A        STX_VE_485    STX_VE_485    Syntax      rtl/riscv_defines.v                25      1000    Include file ( fpnew_pkg.sv ) could not be found or opened in read mode from current working directory ( /home/nitintyagi/pulpino ) or other include directory paths( if any )
[59]     N.A        STX_VE_606    STX_VE_606    Syntax      rtl/riscv_defines.v                422     1000    Identifier ( C_RVD ) not declared in current scope
[5A]     N.A        STX_VE_606    STX_VE_606    Syntax      rtl/riscv_defines.v                423     1000    Identifier ( C_RVF ) not declared in current scope
[5B]     N.A        STX_VE_606    STX_VE_606    Syntax      rtl/riscv_defines.v                424     1000    Identifier ( C_XF16 ) not declared in current scope
[5C]     N.A        STX_VE_606    STX_VE_606    Syntax      rtl/riscv_defines.v                425     1000    Identifier ( C_XF16ALT ) not declared in current scope
[5D]     N.A        STX_VE_606    STX_VE_606    Syntax      rtl/riscv_defines.v                426     1000    Identifier ( C_XF8 ) not declared in current scope
[5E]     N.A        STX_VE_485    STX_VE_485    Syntax      rtl/riscv_ex_stage.sv              35      1000    Include file ( apu_macros.sv ) could not be found or opened in read mode from current working directory ( /home/nitintyagi/pulpino ) or other include directory paths( if any )
[5F]     N.A        STX_VE_606    STX_VE_606    Syntax      rtl/riscv_ex_stage.sv              54      1000    Identifier ( ALU_OP_WIDTH ) not declared in current scope
[60]     N.A        STX_VE_606    STX_VE_606    Syntax      rtl/riscv_ex_stage.sv              89      1000    Identifier ( C_PC ) not declared in current scope
[61]     N.A        STX_VE_606    STX_VE_606    Syntax      rtl/riscv_ex_stage.sv              90      1000    Identifier ( C_FFLAG ) not declared in current scope
[62]     N.A        STX_VE_479    STX_VE_479    Syntax      rtl/riscv_ex_stage.sv              176     1000    Syntax error near ( ) ). Please use 'set_option enableSV09 yes' to support SystemVerilog-2009 construct ( package import in header )
[63]     N.A        STX_VE_606    STX_VE_606    Syntax      rtl/riscv_ex_stage.sv              211     1000    Identifier ( regfile_alu_wdata_fw_o ) not declared in current scope
[64]     N.A        STX_VE_606    STX_VE_606    Syntax      rtl/riscv_ex_stage.sv              212     1000    Identifier ( regfile_alu_waddr_fw_o ) not declared in current scope
[65]     N.A        STX_VE_606    STX_VE_606    Syntax      rtl/riscv_ex_stage.sv              213     1000    Identifier ( regfile_alu_we_fw_o ) not declared in current scope
[66]     N.A        STX_VE_606    STX_VE_606    Syntax      rtl/riscv_ex_stage.sv              218     1000    Identifier ( regfile_alu_we_fw_o ) not declared in current scope
[67]     N.A        STX_VE_606    STX_VE_606    Syntax      rtl/riscv_ex_stage.sv              219     1000    Identifier ( regfile_alu_waddr_fw_o ) not declared in current scope
[68]     N.A        STX_VE_606    STX_VE_606    Syntax      rtl/riscv_ex_stage.sv              220     1000    Identifier ( regfile_alu_wdata_fw_o ) not declared in current scope
[69]     N.A        STX_VE_606    STX_VE_606    Syntax      rtl/riscv_ex_stage.sv              222     1000    Identifier ( regfile_alu_we_i ) not declared in current scope
[6A]     N.A        STX_VE_606    STX_VE_606    Syntax      rtl/riscv_ex_stage.sv              222     1000    Identifier ( apu_en_i ) not declared in current scope
[6B]     N.A        STX_VE_606    STX_VE_606    Syntax      rtl/riscv_ex_stage.sv              226     1000    Identifier ( regfile_alu_we_fw_o ) not declared in current scope
[6C]     N.A        STX_VE_606    STX_VE_606    Syntax      rtl/riscv_ex_stage.sv              226     1000    Identifier ( regfile_alu_we_i ) not declared in current scope
[6D]     N.A        STX_VE_606    STX_VE_606    Syntax      rtl/riscv_ex_stage.sv              226     1000    Identifier ( apu_en_i ) not declared in current scope
[6E]     N.A        STX_VE_606    STX_VE_606    Syntax      rtl/riscv_ex_stage.sv              227     1000    Identifier ( regfile_alu_waddr_fw_o ) not declared in current scope
[6F]     N.A        STX_VE_606    STX_VE_606    Syntax      rtl/riscv_ex_stage.sv              227     1000    Identifier ( regfile_alu_waddr_i ) not declared in current scope
[70]     N.A        STX_VE_606    STX_VE_606    Syntax      rtl/riscv_ex_stage.sv              228     1000    Identifier ( alu_en_i ) not declared in current scope
[71]     N.A        STX_VE_606    STX_VE_606    Syntax      rtl/riscv_ex_stage.sv              230     1000    Identifier ( mult_en_i ) not declared in current scope
[72]     N.A        STX_VE_606    STX_VE_606    Syntax      rtl/riscv_ex_stage.sv              232     1000    Identifier ( csr_access_i ) not declared in current scope
[73]     N.A        STX_VE_606    STX_VE_606    Syntax      rtl/riscv_ex_stage.sv              233     1000    Identifier ( csr_rdata_i ) not declared in current scope
[74]     N.A        STX_VE_606    STX_VE_606    Syntax      rtl/riscv_ex_stage.sv              240     1000    Identifier ( regfile_we_wb_o ) not declared in current scope
[75]     N.A        STX_VE_606    STX_VE_606    Syntax      rtl/riscv_ex_stage.sv              241     1000    Identifier ( regfile_waddr_wb_o ) not declared in current scope
[76]     N.A        STX_VE_606    STX_VE_606    Syntax      rtl/riscv_ex_stage.sv              242     1000    Identifier ( regfile_wdata_wb_o ) not declared in current scope
[77]     N.A        STX_VE_606    STX_VE_606    Syntax      rtl/riscv_ex_stage.sv              242     1000    Identifier ( lsu_rdata_i ) not declared in current scope
[78]     N.A        STX_VE_606    STX_VE_606    Syntax      rtl/riscv_ex_stage.sv              246     1000    Identifier ( regfile_we_wb_o ) not declared in current scope
[79]     N.A        STX_VE_606    STX_VE_606    Syntax      rtl/riscv_ex_stage.sv              253     1000    Identifier ( regfile_we_wb_o ) not declared in current scope
[7A]     N.A        STX_VE_606    STX_VE_606    Syntax      rtl/riscv_ex_stage.sv              254     1000    Identifier ( regfile_waddr_wb_o ) not declared in current scope
[7B]     N.A        STX_VE_606    STX_VE_606    Syntax      rtl/riscv_ex_stage.sv              255     1000    Identifier ( regfile_wdata_wb_o ) not declared in current scope
[7C]     N.A        STX_VE_606    STX_VE_606    Syntax      rtl/riscv_ex_stage.sv              261     1000    Identifier ( alu_operand_c_i ) not declared in current scope
[7D]     N.A        STX_VE_606    STX_VE_606    Syntax      rtl/riscv_ex_stage.sv              401     1000    Identifier ( apu_master_gnt_i ) not declared in current scope
[7E]     N.A        STX_VE_606    STX_VE_606    Syntax      rtl/riscv_ex_stage.sv              402     1000    Identifier ( apu_master_valid_i ) not declared in current scope
[7F]     N.A        STX_VE_606    STX_VE_606    Syntax      rtl/riscv_ex_stage.sv              403     1000    Identifier ( apu_operands_i ) not declared in current scope
[80]     N.A        STX_VE_606    STX_VE_606    Syntax      rtl/riscv_ex_stage.sv              404     1000    Identifier ( apu_op_i ) not declared in current scope
[81]     N.A        STX_VE_606    STX_VE_606    Syntax      rtl/riscv_ex_stage.sv              405     1000    Identifier ( apu_master_result_i ) not declared in current scope
[82]     N.A        STX_VE_606    STX_VE_606    Syntax      rtl/riscv_ex_stage.sv              421     1000    Identifier ( C_FPNEW_OPBITS ) not declared in current scope
[83]     N.A        STX_VE_606    STX_VE_606    Syntax      rtl/riscv_ex_stage.sv              425     1000    Identifier ( C_FPNEW_FMTBITS ) not declared in current scope
[84]     N.A        STX_VE_606    STX_VE_606    Syntax      rtl/riscv_ex_stage.sv              426     1000    Identifier ( C_FPNEW_FMTBITS ) not declared in current scope
[85]     N.A        STX_VE_606    STX_VE_606    Syntax      rtl/riscv_ex_stage.sv              427     1000    Identifier ( C_FPNEW_IFMTBITS ) not declared in current scope
[86]     N.A        STX_VE_606    STX_VE_606    Syntax      rtl/riscv_ex_stage.sv              428     1000    Identifier ( C_RM ) not declared in current scope
[87]     N.A        STX_VE_606    STX_VE_606    Syntax      rtl/riscv_ex_stage.sv              430     1000    Identifier ( apu_op_i ) not declared in current scope
[88]     N.A        STX_VE_606    STX_VE_606    Syntax      rtl/riscv_ex_stage.sv              431     1000    Identifier ( apu_flags_i ) not declared in current scope
[89]     N.A        STX_VE_606    STX_VE_606    Syntax      rtl/riscv_ex_stage.sv              442     1000    Identifier ( C_FLEN ) not declared in current scope
[8A]     N.A        STX_VE_606    STX_VE_606    Syntax      rtl/riscv_ex_stage.sv              443     1000    Identifier ( C_XFVEC ) not declared in current scope
[8B]     N.A        STX_VE_606    STX_VE_606    Syntax      rtl/riscv_ex_stage.sv              445     1000    Identifier ( C_RVF ) not declared in current scope
[8C]     N.A        STX_VE_606    STX_VE_606    Syntax      rtl/riscv_ex_stage.sv              445     1000    Identifier ( C_RVD ) not declared in current scope
[8D]     N.A        STX_VE_606    STX_VE_606    Syntax      rtl/riscv_ex_stage.sv              445     1000    Identifier ( C_XF16 ) not declared in current scope
[8E]     N.A        STX_VE_606    STX_VE_606    Syntax      rtl/riscv_ex_stage.sv              445     1000    Identifier ( C_XF8 ) not declared in current scope
[8F]     N.A        STX_VE_606    STX_VE_606    Syntax      rtl/riscv_ex_stage.sv              445     1000    Identifier ( C_XF16ALT ) not declared in current scope
[90]     N.A        STX_VE_606    STX_VE_606    Syntax      rtl/riscv_ex_stage.sv              446     1000    Identifier ( C_XFVEC ) not declared in current scope
[91]     N.A        STX_VE_606    STX_VE_606    Syntax      rtl/riscv_ex_stage.sv              446     1000    Identifier ( C_XF8 ) not declared in current scope
[92]     N.A        STX_VE_606    STX_VE_606    Syntax      rtl/riscv_ex_stage.sv              446     1000    Identifier ( C_XFVEC ) not declared in current scope
[93]     N.A        STX_VE_606    STX_VE_606    Syntax      rtl/riscv_ex_stage.sv              446     1000    Identifier ( C_XF16 ) not declared in current scope
[94]     N.A        STX_VE_606    STX_VE_606    Syntax      rtl/riscv_ex_stage.sv              446     1000    Identifier ( C_XF16ALT ) not declared in current scope
[95]     N.A        STX_VE_606    STX_VE_606    Syntax      rtl/riscv_ex_stage.sv              452     1000    Identifier ( C_LAT_FP32 ) not declared in current scope
[96]     N.A        STX_VE_606    STX_VE_606    Syntax      rtl/riscv_ex_stage.sv              452     1000    Identifier ( C_LAT_FP64 ) not declared in current scope
[97]     N.A        STX_VE_606    STX_VE_606    Syntax      rtl/riscv_ex_stage.sv              452     1000    Identifier ( C_LAT_FP16 ) not declared in current scope
[98]     N.A        STX_VE_606    STX_VE_606    Syntax      rtl/riscv_ex_stage.sv              452     1000    Identifier ( C_LAT_FP8 ) not declared in current scope
[99]     N.A        STX_VE_606    STX_VE_606    Syntax      rtl/riscv_ex_stage.sv              452     1000    Identifier ( C_LAT_FP16ALT ) not declared in current scope
[9A]     N.A        STX_VE_606    STX_VE_606    Syntax      rtl/riscv_ex_stage.sv              453     1000    Identifier ( C_LAT_DIVSQRT ) not declared in current scope
[9B]     N.A        STX_VE_606    STX_VE_606    Syntax      rtl/riscv_ex_stage.sv              454     1000    Identifier ( C_LAT_NONCOMP ) not declared in current scope
[9C]     N.A        STX_VE_606    STX_VE_606    Syntax      rtl/riscv_ex_stage.sv              455     1000    Identifier ( C_LAT_CONV ) not declared in current scope
[9D]     N.A        STX_VE_606    STX_VE_606    Syntax      rtl/riscv_ex_stage.sv              497     1000    Identifier ( apu_master_operands_o ) not declared in current scope
[9E]     N.A        STX_VE_606    STX_VE_606    Syntax      rtl/riscv_ex_stage.sv              498     1000    Identifier ( apu_master_operands_o ) not declared in current scope
[9F]     N.A        STX_VE_606    STX_VE_606    Syntax      rtl/riscv_ex_stage.sv              499     1000    Identifier ( apu_master_operands_o ) not declared in current scope
[A0]     N.A        STX_VE_606    STX_VE_606    Syntax      rtl/riscv_ex_stage.sv              512     1000    Identifier ( apu_master_operands_o ) not declared in current scope
[A1]     N.A        STX_VE_606    STX_VE_606    Syntax      rtl/riscv_ex_stage.sv              513     1000    Identifier ( apu_master_operands_o ) not declared in current scope
[A2]     N.A        STX_VE_606    STX_VE_606    Syntax      rtl/riscv_ex_stage.sv              514     1000    Identifier ( apu_master_operands_o ) not declared in current scope
[A3]     N.A        STX_VE_606    STX_VE_606    Syntax      rtl/riscv_ex_stage.sv              551     1000    Identifier ( ex_valid_o ) not declared in current scope
[A4]     N.A        STX_VE_606    STX_VE_606    Syntax      rtl/riscv_ex_stage.sv              553     1000    Identifier ( regfile_we_i ) not declared in current scope
[A5]     N.A        STX_VE_606    STX_VE_606    Syntax      rtl/riscv_ex_stage.sv              553     1000    Identifier ( lsu_err_i ) not declared in current scope
[A6]     N.A        STX_VE_606    STX_VE_606    Syntax      rtl/riscv_ex_stage.sv              554     1000    Identifier ( regfile_we_i ) not declared in current scope
[A7]     N.A        STX_VE_606    STX_VE_606    Syntax      rtl/riscv_ex_stage.sv              554     1000    Identifier ( lsu_err_i ) not declared in current scope
[A8]     N.A        STX_VE_606    STX_VE_606    Syntax      rtl/riscv_ex_stage.sv              555     1000    Identifier ( regfile_waddr_i ) not declared in current scope
[A9]     N.A        STX_VE_606    STX_VE_606    Syntax      rtl/riscv_ex_stage.sv              557     1000    Identifier ( wb_ready_i ) not declared in current scope
[AA]     N.A        STX_VE_606    STX_VE_606    Syntax      rtl/riscv_ex_stage.sv              569     1000    Identifier ( lsu_ready_ex_i ) not declared in current scope
[AB]     N.A        STX_VE_606    STX_VE_606    Syntax      rtl/riscv_ex_stage.sv              569     1000    Identifier ( wb_ready_i ) not declared in current scope
[AC]     N.A        STX_VE_606    STX_VE_606    Syntax      rtl/riscv_ex_stage.sv              569     1000    Identifier ( branch_in_ex_i ) not declared in current scope
[AD]     N.A        STX_VE_606    STX_VE_606    Syntax      rtl/riscv_ex_stage.sv              570     1000    Identifier ( csr_access_i ) not declared in current scope
[AE]     N.A        STX_VE_606    STX_VE_606    Syntax      rtl/riscv_ex_stage.sv              570     1000    Identifier ( lsu_en_i ) not declared in current scope
[AF]     N.A        STX_VE_606    STX_VE_606    Syntax      rtl/riscv_ex_stage.sv              571     1000    Identifier ( lsu_ready_ex_i ) not declared in current scope
[B0]     N.A        STX_VE_606    STX_VE_606    Syntax      rtl/riscv_ex_stage.sv              571     1000    Identifier ( wb_ready_i ) not declared in current scope
[B1]     N.A        STX_VE_606    STX_VE_606    Syntax      rtl/riscv_id_stage.sv              124     1000    Identifier ( ALU_OP_WIDTH ) not declared in current scope
[B2]     N.A        STX_VE_606    STX_VE_606    Syntax      rtl/riscv_id_stage.sv              165     1000    Identifier ( C_RM ) not declared in current scope
[B3]     N.A        STX_VE_479    STX_VE_479    Syntax      rtl/riscv_id_stage.sv              249     1000    Syntax error near ( ) ). Please use 'set_option enableSV09 yes' to support SystemVerilog-2009 construct ( package import in header )
[B4]     N.A        STX_VE_606    STX_VE_606    Syntax      rtl/riscv_id_stage.sv              338     1000    Identifier ( ALU_OP_WIDTH ) not declared in current scope
[B5]     N.A        STX_VE_606    STX_VE_606    Syntax      rtl/riscv_id_stage.sv              359     1000    Identifier ( C_FPNEW_FMTBITS ) not declared in current scope
[B6]     N.A        STX_VE_606    STX_VE_606    Syntax      rtl/riscv_id_stage.sv              361     1000    Identifier ( C_FPNEW_FMTBITS ) not declared in current scope
[B7]     N.A        STX_VE_606    STX_VE_606    Syntax      rtl/riscv_id_stage.sv              363     1000    Identifier ( C_FPNEW_IFMTBITS ) not declared in current scope
[B8]     N.A        STX_VE_606    STX_VE_606    Syntax      rtl/riscv_id_stage.sv              521     1000    Identifier ( REGC_ZERO ) not declared in current scope
[B9]     N.A        STX_VE_606    STX_VE_606    Syntax      rtl/riscv_id_stage.sv              522     1000    Identifier ( REGC_RD ) not declared in current scope
[BA]     N.A        STX_VE_606    STX_VE_606    Syntax      rtl/riscv_id_stage.sv              523     1000    Identifier ( REGC_S1 ) not declared in current scope
[BB]     N.A        STX_VE_606    STX_VE_606    Syntax      rtl/riscv_id_stage.sv              524     1000    Identifier ( REGC_S4 ) not declared in current scope
[BC]     N.A        STX_VE_606    STX_VE_606    Syntax      rtl/riscv_id_stage.sv              548     1000    Identifier ( regfile_waddr_wb_i ) not declared in current scope
[BD]     N.A        STX_VE_606    STX_VE_606    Syntax      rtl/riscv_id_stage.sv              549     1000    Identifier ( regfile_waddr_wb_i ) not declared in current scope
[BE]     N.A        STX_VE_606    STX_VE_606    Syntax      rtl/riscv_id_stage.sv              550     1000    Identifier ( regfile_waddr_wb_i ) not declared in current scope
[BF]     N.A        STX_VE_606    STX_VE_606    Syntax      rtl/riscv_id_stage.sv              551     1000    Identifier ( regfile_alu_waddr_fw_i ) not declared in current scope
[C0]     N.A        STX_VE_606    STX_VE_606    Syntax      rtl/riscv_id_stage.sv              552     1000    Identifier ( regfile_alu_waddr_fw_i ) not declared in current scope
[C1]     N.A        STX_VE_606    STX_VE_606    Syntax      rtl/riscv_id_stage.sv              553     1000    Identifier ( regfile_alu_waddr_fw_i ) not declared in current scope
[C2]     N.A        STX_VE_606    STX_VE_606    Syntax      rtl/riscv_id_stage.sv              612     1000    Identifier ( csr_hwlp_data_i ) not declared in current scope
[C3]     N.A        STX_VE_606    STX_VE_606    Syntax      rtl/riscv_id_stage.sv              613     1000    Identifier ( csr_hwlp_data_i ) not declared in current scope
[C4]     N.A        STX_VE_606    STX_VE_606    Syntax      rtl/riscv_id_stage.sv              614     1000    Identifier ( csr_hwlp_data_i ) not declared in current scope
[C5]     N.A        STX_VE_606    STX_VE_606    Syntax      rtl/riscv_id_stage.sv              615     1000    Identifier ( csr_hwlp_regid_i ) not declared in current scope
[C6]     N.A        STX_VE_606    STX_VE_606    Syntax      rtl/riscv_id_stage.sv              616     1000    Identifier ( csr_hwlp_we_i ) not declared in current scope
[C7]     N.A        STX_VE_606    STX_VE_606    Syntax      rtl/riscv_id_stage.sv              630     1000    Identifier ( JT_JAL ) not declared in current scope
[C8]     N.A        STX_VE_606    STX_VE_606    Syntax      rtl/riscv_id_stage.sv              631     1000    Identifier ( JT_COND ) not declared in current scope
[C9]     N.A        STX_VE_606    STX_VE_606    Syntax      rtl/riscv_id_stage.sv              634     1000    Identifier ( JT_JALR ) not declared in current scope
+++++++++++++++++++++++++++++++++++++++++++++++++++++++++++++++++++++++++++++++++++++++++++++++++++++++++++++++++++++++


############### BuiltIn -> RuleGroup=Design Read ###############
++++++++++++++++++++++++++++++++++++++++++++++++++++++++++++++++++++++++++++++++++++++++++++++++++++++++++++++++++++++++
ID       ParentID   Rule               Alias              Severity          File                           Line    Wt      Message
========================================================================================================================
[1F]     N.A        SYNTH_126          SYNTH_126          SynthesisError    rtl/generic_service_unit.sv    60      1000    Procedural continuous assign statements are not synthesizable
[CA]     N.A        INFO_1017          INFO_1017          Info              (null file)                    0       1000    Maximum permissible error count of ( 200 ) exceeded. Analysis terminated
[0]      N.A        TurboModeStatus    TurboModeStatus    Info              N.A.                           0       10      Turbo-Mode is enabled in the current run as turbo_struct license feature successfully checked out
+++++++++++++++++++++++++++++++++++++++++++++++++++++++++++++++++++++++++++++++++++++++++++++++++++++++++++++++++++++++
