version: (200506)

available memory: 64M bytes
used memory: 491520 bytes [need 480K bytes if disable swap]

used block: 25 [memory(25) file(0)]
                 [ 8K(20) 64K(5) { total 480K bytes } ]
overhead: (13610) bytes for (25) blocks [Average: (544) bytes/block]

write  => 0(times) 0K(bytes) [0K bytes to file]
read   => 5(times) 162K(bytes) [22K bytes compressed data from file]
access => 570302(times) 4496M(bytes)
          [hit ratio: 99.9991%]

time: write(0) read(0)  unit: second

swap file directory: (/home/nitintyagi/pulpino/syn/verdiLog)
used swap file number: (10)



swap file manager:
arrSize: (256)
idxCnt: (38)
closeHead: (1)
closeTail: (10)
openCnt: (5)
fid(37): fd(0) fileName(/home/nitintyagi/pulpino/verif/simv.daidir/kdb.elab++/work.lib++/pulp_clock_mux2.sv.tdc)
	size(1594) lastModTime(1737975630) curModTime(1737975630)
	mode(rb)	hot(0) cool(0) pos(0)
fid(36): fd(0) fileName(/home/nitintyagi/pulpino/verif/simv.daidir/kdb.elab++/work.lib++/generic_fifo.sv.tdc)
	size(8538) lastModTime(1737975630) curModTime(1737975630)
	mode(rb)	hot(0) cool(0) pos(0)
fid(35): fd(0) fileName(/home/nitintyagi/pulpino/verif/simv.daidir/kdb.elab++/work.lib++/axi_address_decoder_DW.sv.tdc)
	size(5125) lastModTime(1737975630) curModTime(1737975630)
	mode(rb)	hot(0) cool(0) pos(0)
fid(34): fd(0) fileName(/home/nitintyagi/pulpino/verif/simv.daidir/kdb.elab++/work.lib++/axi_DW_allocator.sv.tdc)
	size(9590) lastModTime(1737975630) curModTime(1737975630)
	mode(rb)	hot(0) cool(0) pos(0)
fid(33): fd(0) fileName(/home/nitintyagi/pulpino/verif/simv.daidir/kdb.elab++/work.lib++/spi_slave_tx.sv.tdc)
	size(4449) lastModTime(1737975630) curModTime(1737975630)
	mode(rb)	hot(0) cool(0) pos(0)
fid(32): fd(0) fileName(/home/nitintyagi/pulpino/verif/simv.daidir/kdb.elab++/work.lib++/cluster_clock_mux2.sv.tdc)
	size(1603) lastModTime(1737975630) curModTime(1737975630)
	mode(rb)	hot(0) cool(0) pos(0)
fid(31): fd(0) fileName(/home/nitintyagi/pulpino/verif/simv.daidir/kdb.elab++/work.lib++/axi_b_buffer.sv.tdc)
	size(4024) lastModTime(1737975630) curModTime(1737975630)
	mode(rb)	hot(0) cool(0) pos(0)
fid(30): fd(0) fileName(/home/nitintyagi/pulpino/verif/simv.daidir/kdb.elab++/work.lib++/axi_r_buffer.sv.tdc)
	size(4357) lastModTime(1737975630) curModTime(1737975630)
	mode(rb)	hot(0) cool(0) pos(0)
fid(29): fd(0) fileName(/home/nitintyagi/pulpino/verif/simv.daidir/kdb.elab++/work.lib++/axi_w_buffer.sv.tdc)
	size(4192) lastModTime(1737975630) curModTime(1737975630)
	mode(rb)	hot(0) cool(0) pos(0)
fid(28): fd(0) fileName(/home/nitintyagi/pulpino/verif/simv.daidir/kdb.elab++/work.lib++/axi_ar_buffer.sv.tdc)
	size(4869) lastModTime(1737975630) curModTime(1737975630)
	mode(rb)	hot(0) cool(0) pos(0)
fid(27): fd(0) fileName(/home/nitintyagi/pulpino/verif/simv.daidir/kdb.elab++/work.lib++/axi_aw_buffer.sv.tdc)
	size(4857) lastModTime(1737975630) curModTime(1737975630)
	mode(rb)	hot(0) cool(0) pos(0)
fid(26): fd(0) fileName(/home/nitintyagi/pulpino/verif/simv.daidir/kdb.elab++/work.lib++/axi_response_block.sv.tdc)
	size(12948) lastModTime(1737975630) curModTime(1737975630)
	mode(rb)	hot(0) cool(0) pos(0)
fid(25): fd(0) fileName(/home/nitintyagi/pulpino/verif/simv.daidir/kdb.elab++/work.lib++/axi_request_block.sv.tdc)
	size(14011) lastModTime(1737975630) curModTime(1737975630)
	mode(rb)	hot(0) cool(0) pos(0)
fid(24): fd(0) fileName(/home/nitintyagi/pulpino/verif/simv.daidir/kdb.elab++/work.lib++/axi2apb32.sv.tdc)
	size(19767) lastModTime(1737975630) curModTime(1737975630)
	mode(rb)	hot(0) cool(0) pos(0)
fid(23): fd(0) fileName(/home/nitintyagi/pulpino/verif/simv.daidir/kdb.elab++/work.lib++/axi_spi_slave.sv.tdc)
	size(11912) lastModTime(1737975630) curModTime(1737975630)
	mode(rb)	hot(0) cool(0) pos(0)
fid(22): fd(0) fileName(/home/nitintyagi/pulpino/verif/simv.daidir/kdb.elab++/work.lib++/adbg_tap_top.v.tdc)
	size(18828) lastModTime(1737975630) curModTime(1737975630)
	mode(rb)	hot(0) cool(0) pos(0)
fid(21): fd(0) fileName(/home/nitintyagi/pulpino/verif/simv.daidir/kdb.elab++/work.lib++/axi_mem_if_SP.sv.tdc)
	size(18595) lastModTime(1737975630) curModTime(1737975630)
	mode(rb)	hot(0) cool(0) pos(0)
fid(20): fd(0) fileName(/home/nitintyagi/pulpino/verif/simv.daidir/kdb.elab++/work.lib++/axi_slice.sv.tdc)
	size(12097) lastModTime(1737975630) curModTime(1737975630)
	mode(rb)	hot(0) cool(0) pos(0)
fid(19): fd(0) fileName(/home/nitintyagi/pulpino/verif/simv.daidir/kdb.elab++/work.lib++/riscv_id_stage.sv.tdc)
	size(43156) lastModTime(1737975630) curModTime(1737975630)
	mode(rb)	hot(0) cool(0) pos(0)
fid(18): fd(0) fileName(/home/nitintyagi/pulpino/verif/simv.daidir/kdb.elab++/work.lib++/axi2apb_wrap.sv.tdc)
	size(8066) lastModTime(1737975630) curModTime(1737975630)
	mode(rb)	hot(0) cool(0) pos(0)
fid(17): fd(0) fileName(/home/nitintyagi/pulpino/verif/simv.daidir/kdb.elab++/work.lib++/axi_spi_slave_wrap.sv.tdc)
	size(5066) lastModTime(1737975630) curModTime(1737975630)
	mode(rb)	hot(0) cool(0) pos(0)
fid(16): fd(0) fileName(/home/nitintyagi/pulpino/verif/simv.daidir/kdb.elab++/work.lib++/cluster_clock_gating.sv.tdc)
	size(1924) lastModTime(1737975630) curModTime(1737975630)
	mode(rb)	hot(0) cool(0) pos(0)
fid(15): fd(0) fileName(/home/nitintyagi/pulpino/verif/simv.daidir/kdb.elab++/work.lib++/adv_dbg_if.sv.tdc)
	size(8721) lastModTime(1737975630) curModTime(1737975630)
	mode(rb)	hot(0) cool(0) pos(0)
fid(14): fd(0) fileName(/home/nitintyagi/pulpino/verif/simv.daidir/kdb.elab++/work.lib++/axi_mem_if_SP_wrap.sv.tdc)
	size(5277) lastModTime(1737975630) curModTime(1737975630)
	mode(rb)	hot(0) cool(0) pos(0)
fid(13): fd(0) fileName(/home/nitintyagi/pulpino/verif/simv.daidir/kdb.elab++/work.lib++/instr_ram_wrap.sv.tdc)
	size(4213) lastModTime(1737975630) curModTime(1737975630)
	mode(rb)	hot(0) cool(0) pos(0)
fid(12): fd(0) fileName(/home/nitintyagi/pulpino/verif/simv.daidir/kdb.elab++/work.lib++/axi_slice_wrap.sv.tdc)
	size(8639) lastModTime(1737975630) curModTime(1737975630)
	mode(rb)	hot(0) cool(0) pos(0)
fid(11): fd(0) fileName(/home/nitintyagi/pulpino/verif/simv.daidir/kdb.elab++/work.lib++/riscv_core.sv.tdc)
	size(35976) lastModTime(1737975630) curModTime(1737975630)
	mode(rb)	hot(0) cool(0) pos(0)
fid(10): fd(1073741827) fileName(/home/nitintyagi/pulpino/verif/simv.daidir/kdb.elab++/work.lib++/rstgen.sv.tdc)
	size(2602) lastModTime(1737975630) curModTime(1737975630)
	mode(rb)	hot(0) cool(5) pos(0)
fid(9): fd(0) fileName(/home/nitintyagi/pulpino/verif/simv.daidir/kdb.elab++/work.lib++/peripherals.sv.tdc)
	size(20039) lastModTime(1737975630) curModTime(1737975630)
	mode(rb)	hot(0) cool(0) pos(0)
fid(8): fd(0) fileName(/home/nitintyagi/pulpino/verif/simv.daidir/kdb.elab++/work.lib++/core_region.sv.tdc)
	size(26985) lastModTime(1737975630) curModTime(1737975630)
	mode(rb)	hot(0) cool(0) pos(0)
fid(7): fd(0) fileName(/home/nitintyagi/pulpino/verif/simv.daidir/kdb.elab++/work.lib++/clk_rst_gen.sv.tdc)
	size(4175) lastModTime(1737975630) curModTime(1737975630)
	mode(rb)	hot(0) cool(0) pos(0)
fid(6): fd(0) fileName(/home/nitintyagi/pulpino/verif/simv.daidir/kdb.elab++/work.lib++/pulpino_top.sv.tdc)
	size(12175) lastModTime(1737975630) curModTime(1737975630)
	mode(rb)	hot(0) cool(0) pos(0)
fid(5): fd(1073741826) fileName(/home/nitintyagi/pulpino/verif/simv.daidir/kdb.elab++/work.lib++/axi_node.sv.tdc)
	size(25703) lastModTime(1737975630) curModTime(1737975630)
	mode(rb)	hot(10) cool(4) pos(0)
fid(4): fd(1073741825) fileName(/home/nitintyagi/pulpino/verif/simv.daidir/kdb.elab++/work.lib++/axi_node_intf_wrap.sv.tdc)
	size(15395) lastModTime(1737975630) curModTime(1737975630)
	mode(rb)	hot(5) cool(2) pos(0)
fid(3): fd(0) fileName(/home/nitintyagi/pulpino/verif/simv.daidir/kdb.elab++/work.lib++/apu_macros.sv.tdc)
	size(3139) lastModTime(1737975630) curModTime(1737975630)
	mode(rb)	hot(0) cool(0) pos(0)
fid(2): fd(24) fileName(/home/nitintyagi/pulpino/syn/verdiLog/_swap_0001#1563039918#1389381)
	size(0) lastModTime(0) curModTime(1737976796)
	mode(w+b)	hot(4) cool(1) pos(0)
fid(1): fd(1073741824) fileName(/home/nitintyagi/pulpino/verif/simv.daidir/kdb.elab++/work.lib++/pulpino_wrap.v.tdc)
	size(6824) lastModTime(1737975630) curModTime(1737975630)
	mode(rb)	hot(2) cool(0) pos(0)
fid(0): fd(0) fileName(NULL)
	mode(NULL)	hot(0) cool(0) pos(0)
==================================================
mySelf(0x22b794d0) pre(0x20fab4c0) next((nil))
version(200506)
date(Sep  2 2024 20:32:07)
