
################################################################################
#
# This file has been generated by SpyGlass:
#     Report Name      : moresimple
#     Report Created by: nitintyagi
#     Report Created on:  Thu Jan 23 13:04:08 2025
#     Working Directory: /home/nitintyagi/pulpino
#     SpyGlass Version : SpyGlass_vW-2024.09
#     Policy Name      : SpyGlass(SpyGlass_vW-2024.09)
#                        auto-verify(SpyGlass_vW-2024.09)
#
#     Total Number of Generated Messages :        202
#     Number of Waived Messages          :          0
#     Number of Reported Messages        :        202
#     Number of Overlimit Messages       :          0
#
#
################################################################################

+++++++++++++++++++++++++++++++++++++++++++++++++++++++++++++++++++++++
MORESIMPLE REPORT:
############### FATAL MESSAGES ############### 
+++++++++++++++++++++++++++++++++++++++++++++++++++++++++++++++++++++++++++++++++
ID       Rule          Alias         Severity    File                               Line    Wt      Message
======================================================================================
[0]      STX_VE_485    STX_VE_485    Syntax      rtl/adbg_axi_module.sv             65      1000    Include file ( adbg_defines.v ) could not be found or opened in read mode from current working directory ( /home/nitintyagi/pulpino ) or other include directory paths( if any )
[1]      STX_VE_485    STX_VE_485    Syntax      rtl/adbg_axi_module.sv             66      1000    Include file ( adbg_axi_defines.v ) could not be found or opened in read mode from current working directory ( /home/nitintyagi/pulpino ) or other include directory paths( if any )
[2]      STX_VE_533    STX_VE_533    Syntax      rtl/adbg_axi_module.sv             86      1000    Used macro ( DBG_TOP_MODULE_DATA_LEN ) has not been defined. Trace: (None)
[3]      STX_VE_485    STX_VE_485    Syntax      rtl/adbg_or1k_module.sv            65      1000    Include file ( adbg_defines.v ) could not be found or opened in read mode from current working directory ( /home/nitintyagi/pulpino ) or other include directory paths( if any )
[4]      STX_VE_485    STX_VE_485    Syntax      rtl/adbg_or1k_module.sv            66      1000    Include file ( adbg_or1k_defines.v ) could not be found or opened in read mode from current working directory ( /home/nitintyagi/pulpino ) or other include directory paths( if any )
[5]      STX_VE_485    STX_VE_485    Syntax      rtl/adbg_or1k_status_reg.sv        66      1000    Include file ( adbg_or1k_defines.v ) could not be found or opened in read mode from current working directory ( /home/nitintyagi/pulpino ) or other include directory paths( if any )
[6]      STX_VE_485    STX_VE_485    Syntax      rtl/adbg_tap_top.sv                70      1000    Include file ( adbg_tap_defines.v ) could not be found or opened in read mode from current working directory ( /home/nitintyagi/pulpino ) or other include directory paths( if any )
[7]      STX_VE_485    STX_VE_485    Syntax      rtl/adbg_top.sv                    40      1000    Include file ( adbg_defines.v ) could not be found or opened in read mode from current working directory ( /home/nitintyagi/pulpino ) or other include directory paths( if any )
[8]      STX_VE_485    STX_VE_485    Syntax      rtl/apb_bus.sv                     15      1000    Include file ( config.sv ) could not be found or opened in read mode from current working directory ( /home/nitintyagi/pulpino ) or other include directory paths( if any )
[9]      STX_VE_485    STX_VE_485    Syntax      rtl/apb_event_unit.sv              11      1000    Include file ( defines_event_unit.sv ) could not be found or opened in read mode from current working directory ( /home/nitintyagi/pulpino ) or other include directory paths( if any )
[A]      STX_VE_533    STX_VE_533    Syntax      rtl/apb_event_unit.sv              55      1000    Used macro ( ADR_MAX_ADR ) has not been defined. Trace: (None)
[B]      STX_VE_533    STX_VE_533    Syntax      rtl/apb_event_unit.sv              55      1000    Used macro ( REGS_MAX_ADR ) has not been defined. Trace: (None)
[C]      STX_VE_533    STX_VE_533    Syntax      rtl/apb_event_unit.sv              55      1000    Used macro ( REGS_MAX_ADR ) has not been defined. Trace: (None)
[D]      STX_VE_485    STX_VE_485    Syntax      rtl/apb_i2c.sv                     1       1000    Include file ( i2c_master_defines.sv ) could not be found or opened in read mode from current working directory ( /home/nitintyagi/pulpino ) or other include directory paths( if any )
[E]      STX_VE_485    STX_VE_485    Syntax      rtl/apb_timer.sv                   13      1000    Include file ( defines_event_unit.sv ) could not be found or opened in read mode from current working directory ( /home/nitintyagi/pulpino ) or other include directory paths( if any )
[F]      STX_VE_533    STX_VE_533    Syntax      rtl/apb_timer.sv                   39      1000    Used macro ( REGS_MAX_ADR ) has not been defined. Trace: (None)
[10]     STX_VE_533    STX_VE_533    Syntax      rtl/apb_timer.sv                   39      1000    Used macro ( REGS_MAX_ADR ) has not been defined. Trace: (None)
[11]     STX_VE_589    STX_VE_589    Syntax      rtl/assert_tb.v                    1       1000    Module name ( uart_tx_tb ) previously declared in file ( rtl/assert_tb.sv ), at line no < 1 >. Specify 'set_option allow_module_override yes' to support multiple module definitions with the same name
[12]     STX_VE_485    STX_VE_485    Syntax      rtl/axi2apb_wrap.sv                11      1000    Include file ( axi_bus.sv ) could not be found or opened in read mode from current working directory ( /home/nitintyagi/pulpino ) or other include directory paths( if any )
[13]     STX_VE_485    STX_VE_485    Syntax      rtl/axi_bus.sv                     14      1000    Include file ( config.sv ) could not be found or opened in read mode from current working directory ( /home/nitintyagi/pulpino ) or other include directory paths( if any )
[14]     STX_VE_485    STX_VE_485    Syntax      rtl/axi_mem_if_SP_wrap.sv          11      1000    Include file ( axi_bus.sv ) could not be found or opened in read mode from current working directory ( /home/nitintyagi/pulpino ) or other include directory paths( if any )
[15]     STX_VE_485    STX_VE_485    Syntax      rtl/axi_node_intf_wrap.sv          12      1000    Include file ( axi_bus.sv ) could not be found or opened in read mode from current working directory ( /home/nitintyagi/pulpino ) or other include directory paths( if any )
[16]     STX_VE_485    STX_VE_485    Syntax      rtl/boot_rom_wrap.sv               12      1000    Include file ( config.sv ) could not be found or opened in read mode from current working directory ( /home/nitintyagi/pulpino ) or other include directory paths( if any )
[17]     STX_VE_533    STX_VE_533    Syntax      rtl/boot_rom_wrap.sv               16      1000    Used macro ( ROM_ADDR_WIDTH ) has not been defined. Trace: (None)
[18]     STX_VE_485    STX_VE_485    Syntax      rtl/core2axi_wrap.sv               12      1000    Include file ( axi_bus.sv ) could not be found or opened in read mode from current working directory ( /home/nitintyagi/pulpino ) or other include directory paths( if any )
[19]     STX_VE_485    STX_VE_485    Syntax      rtl/core_region.sv                 12      1000    Include file ( axi_bus.sv ) could not be found or opened in read mode from current working directory ( /home/nitintyagi/pulpino ) or other include directory paths( if any )
[1A]     STX_VE_485    STX_VE_485    Syntax      rtl/core_region.sv                 13      1000    Include file ( config.sv ) could not be found or opened in read mode from current working directory ( /home/nitintyagi/pulpino ) or other include directory paths( if any )
[1B]     STX_VE_485    STX_VE_485    Syntax      rtl/debug_bus.sv                   14      1000    Include file ( config.sv ) could not be found or opened in read mode from current working directory ( /home/nitintyagi/pulpino ) or other include directory paths( if any )
[1C]     STX_VE_485    STX_VE_485    Syntax      rtl/dp_ram_wrap.sv                 12      1000    Include file ( config.sv ) could not be found or opened in read mode from current working directory ( /home/nitintyagi/pulpino ) or other include directory paths( if any )
[1D]     STX_VE_485    STX_VE_485    Syntax      rtl/generic_service_unit.sv        11      1000    Include file ( defines_event_unit.sv ) could not be found or opened in read mode from current working directory ( /home/nitintyagi/pulpino ) or other include directory paths( if any )
[1F]     STX_VE_485    STX_VE_485    Syntax      rtl/i2c_master_bit_ctrl.sv         137     1000    Include file ( i2c_master_defines.sv ) could not be found or opened in read mode from current working directory ( /home/nitintyagi/pulpino ) or other include directory paths( if any )
[20]     STX_VE_533    STX_VE_533    Syntax      rtl/i2c_master_bit_ctrl.sv         317     1000    Used macro ( I2C_CMD_STOP ) has not been defined. Trace: (None)
[21]     STX_VE_533    STX_VE_533    Syntax      rtl/i2c_master_bit_ctrl.sv         381     1000    Used macro ( I2C_CMD_START ) has not been defined. Trace: (None)
[22]     STX_VE_533    STX_VE_533    Syntax      rtl/i2c_master_bit_ctrl.sv         382     1000    Used macro ( I2C_CMD_STOP ) has not been defined. Trace: (None)
[23]     STX_VE_533    STX_VE_533    Syntax      rtl/i2c_master_bit_ctrl.sv         383     1000    Used macro ( I2C_CMD_WRITE ) has not been defined. Trace: (None)
[24]     STX_VE_533    STX_VE_533    Syntax      rtl/i2c_master_bit_ctrl.sv         384     1000    Used macro ( I2C_CMD_READ ) has not been defined. Trace: (None)
[25]     STX_VE_776    STX_VE_776    Syntax      rtl/i2c_master_bit_ctrl.sv         539     1000    Always statement not allowed in this scope
[26]     STX_VE_485    STX_VE_485    Syntax      rtl/i2c_master_byte_ctrl.sv        69      1000    Include file ( i2c_master_defines.sv ) could not be found or opened in read mode from current working directory ( /home/nitintyagi/pulpino ) or other include directory paths( if any )
[27]     STX_VE_533    STX_VE_533    Syntax      rtl/i2c_master_byte_ctrl.sv        194     1000    Used macro ( I2C_CMD_NOP ) has not been defined. Trace: (None)
[28]     STX_VE_533    STX_VE_533    Syntax      rtl/i2c_master_byte_ctrl.sv        204     1000    Used macro ( I2C_CMD_NOP ) has not been defined. Trace: (None)
[29]     STX_VE_533    STX_VE_533    Syntax      rtl/i2c_master_byte_ctrl.sv        228     1000    Used macro ( I2C_CMD_START ) has not been defined. Trace: (None)
[2A]     STX_VE_533    STX_VE_533    Syntax      rtl/i2c_master_byte_ctrl.sv        233     1000    Used macro ( I2C_CMD_READ ) has not been defined. Trace: (None)
[2B]     STX_VE_533    STX_VE_533    Syntax      rtl/i2c_master_byte_ctrl.sv        238     1000    Used macro ( I2C_CMD_WRITE ) has not been defined. Trace: (None)
[2C]     STX_VE_533    STX_VE_533    Syntax      rtl/i2c_master_byte_ctrl.sv        243     1000    Used macro ( I2C_CMD_STOP ) has not been defined. Trace: (None)
[2D]     STX_VE_533    STX_VE_533    Syntax      rtl/i2c_master_byte_ctrl.sv        255     1000    Used macro ( I2C_CMD_READ ) has not been defined. Trace: (None)
[2E]     STX_VE_533    STX_VE_533    Syntax      rtl/i2c_master_byte_ctrl.sv        260     1000    Used macro ( I2C_CMD_WRITE ) has not been defined. Trace: (None)
[2F]     STX_VE_533    STX_VE_533    Syntax      rtl/i2c_master_byte_ctrl.sv        271     1000    Used macro ( I2C_CMD_READ ) has not been defined. Trace: (None)
[30]     STX_VE_533    STX_VE_533    Syntax      rtl/i2c_master_byte_ctrl.sv        276     1000    Used macro ( I2C_CMD_WRITE ) has not been defined. Trace: (None)
[31]     STX_VE_533    STX_VE_533    Syntax      rtl/i2c_master_byte_ctrl.sv        286     1000    Used macro ( I2C_CMD_WRITE ) has not been defined. Trace: (None)
[32]     STX_VE_533    STX_VE_533    Syntax      rtl/i2c_master_byte_ctrl.sv        291     1000    Used macro ( I2C_CMD_READ ) has not been defined. Trace: (None)
[33]     STX_VE_533    STX_VE_533    Syntax      rtl/i2c_master_byte_ctrl.sv        304     1000    Used macro ( I2C_CMD_STOP ) has not been defined. Trace: (None)
[34]     STX_VE_533    STX_VE_533    Syntax      rtl/i2c_master_byte_ctrl.sv        309     1000    Used macro ( I2C_CMD_NOP ) has not been defined. Trace: (None)
[35]     STX_VE_533    STX_VE_533    Syntax      rtl/i2c_master_byte_ctrl.sv        327     1000    Used macro ( I2C_CMD_NOP ) has not been defined. Trace: (None)
[36]     STX_VE_485    STX_VE_485    Syntax      rtl/instr_ram_wrap.sv              12      1000    Include file ( config.sv ) could not be found or opened in read mode from current working directory ( /home/nitintyagi/pulpino ) or other include directory paths( if any )
[37]     STX_VE_485    STX_VE_485    Syntax      rtl/periph_bus_wrap.sv             11      1000    Include file ( apb_bus.sv ) could not be found or opened in read mode from current working directory ( /home/nitintyagi/pulpino ) or other include directory paths( if any )
[38]     STX_VE_485    STX_VE_485    Syntax      rtl/peripherals.sv                 11      1000    Include file ( axi_bus.sv ) could not be found or opened in read mode from current working directory ( /home/nitintyagi/pulpino ) or other include directory paths( if any )
[39]     STX_VE_485    STX_VE_485    Syntax      rtl/peripherals.sv                 12      1000    Include file ( apb_bus.sv ) could not be found or opened in read mode from current working directory ( /home/nitintyagi/pulpino ) or other include directory paths( if any )
[3A]     STX_VE_485    STX_VE_485    Syntax      rtl/peripherals.sv                 13      1000    Include file ( debug_bus.sv ) could not be found or opened in read mode from current working directory ( /home/nitintyagi/pulpino ) or other include directory paths( if any )
[3B]     STX_VE_485    STX_VE_485    Syntax      rtl/peripherals.sv                 14      1000    Include file ( config.sv ) could not be found or opened in read mode from current working directory ( /home/nitintyagi/pulpino ) or other include directory paths( if any )
[3C]     STX_VE_485    STX_VE_485    Syntax      rtl/pulpino_tb.v                   1       1000    Include file ( pulpino_wrap.v ) could not be found or opened in read mode from current working directory ( /home/nitintyagi/pulpino ) or other include directory paths( if any )
[3D]     STX_VE_485    STX_VE_485    Syntax      rtl/pulpino_top.sv                 11      1000    Include file ( axi_bus.sv ) could not be found or opened in read mode from current working directory ( /home/nitintyagi/pulpino ) or other include directory paths( if any )
[3E]     STX_VE_485    STX_VE_485    Syntax      rtl/pulpino_top.sv                 12      1000    Include file ( debug_bus.sv ) could not be found or opened in read mode from current working directory ( /home/nitintyagi/pulpino ) or other include directory paths( if any )
[3F]     STX_VE_512    STX_VE_512    Syntax      rtl/risc_mult.sv                   28      1000    Package scope resolution failed. Token ( riscv_defines ) is not a package. Move package definition before the use of the package
[40]     STX_VE_481    STX_VE_481    Syntax      rtl/risc_mult.sv                   28      1000    Syntax error near ( :: )
[41]     STX_VE_512    STX_VE_512    Syntax      rtl/riscv_alu.sv                   29      1000    Package scope resolution failed. Token ( riscv_defines ) is not a package. Move package definition before the use of the package
[42]     STX_VE_481    STX_VE_481    Syntax      rtl/riscv_alu.sv                   29      1000    Syntax error near ( :: )
[43]     STX_VE_512    STX_VE_512    Syntax      rtl/riscv_alu.sv                   1158    1000    Package scope resolution failed. Token ( riscv_defines ) is not a package. Move package definition before the use of the package
[44]     STX_VE_481    STX_VE_481    Syntax      rtl/riscv_alu.sv                   1158    1000    Syntax error near ( :: )
[45]     STX_VE_512    STX_VE_512    Syntax      rtl/riscv_alu.sv                   1236    1000    Package scope resolution failed. Token ( riscv_defines ) is not a package. Move package definition before the use of the package
[46]     STX_VE_481    STX_VE_481    Syntax      rtl/riscv_alu.sv                   1236    1000    Syntax error near ( :: )
[47]     STX_VE_512    STX_VE_512    Syntax      rtl/riscv_compressed_decoder.sv    27      1000    Package scope resolution failed. Token ( riscv_defines ) is not a package. Move package definition before the use of the package
[48]     STX_VE_481    STX_VE_481    Syntax      rtl/riscv_compressed_decoder.sv    27      1000    Syntax error near ( :: )
[49]     STX_VE_512    STX_VE_512    Syntax      rtl/riscv_controller.sv            30      1000    Package scope resolution failed. Token ( riscv_defines ) is not a package. Move package definition before the use of the package
[4A]     STX_VE_481    STX_VE_481    Syntax      rtl/riscv_controller.sv            30      1000    Syntax error near ( :: )
[4B]     STX_VE_485    STX_VE_485    Syntax      rtl/riscv_core.sv                  32      1000    Include file ( riscv_config.sv ) could not be found or opened in read mode from current working directory ( /home/nitintyagi/pulpino ) or other include directory paths( if any )
[4C]     STX_VE_485    STX_VE_485    Syntax      rtl/riscv_core.sv                  33      1000    Include file ( apu_core_package.sv ) could not be found or opened in read mode from current working directory ( /home/nitintyagi/pulpino ) or other include directory paths( if any )
[4D]     STX_VE_485    STX_VE_485    Syntax      rtl/riscv_core.sv                  34      1000    Include file ( riscv_defines.v ) could not be found or opened in read mode from current working directory ( /home/nitintyagi/pulpino ) or other include directory paths( if any )
[4E]     STX_VE_512    STX_VE_512    Syntax      rtl/riscv_core.sv                  35      1000    Package scope resolution failed. Token ( riscv_defines ) is not a package. Move package definition before the use of the package
[4F]     STX_VE_481    STX_VE_481    Syntax      rtl/riscv_core.sv                  35      1000    Syntax error near ( :: )
[50]     STX_VE_485    STX_VE_485    Syntax      rtl/riscv_cs_registers.sv          28      1000    Include file ( cf_math_pkg.sv ) could not be found or opened in read mode from current working directory ( /home/nitintyagi/pulpino ) or other include directory paths( if any )
[51]     STX_VE_512    STX_VE_512    Syntax      rtl/riscv_cs_registers.sv          31      1000    Package scope resolution failed. Token ( riscv_defines ) is not a package. Move package definition before the use of the package
[52]     STX_VE_481    STX_VE_481    Syntax      rtl/riscv_cs_registers.sv          31      1000    Syntax error near ( :: )
[53]     STX_VE_485    STX_VE_485    Syntax      rtl/riscv_decoder.sv               28      1000    Include file ( apu_macros.sv ) could not be found or opened in read mode from current working directory ( /home/nitintyagi/pulpino ) or other include directory paths( if any )
[54]     STX_VE_512    STX_VE_512    Syntax      rtl/riscv_decoder.sv               30      1000    Package scope resolution failed. Token ( riscv_defines ) is not a package. Move package definition before the use of the package
[55]     STX_VE_481    STX_VE_481    Syntax      rtl/riscv_decoder.sv               30      1000    Syntax error near ( :: )
[56]     STX_VE_481    STX_VE_481    Syntax      rtl/riscv_decoder.sv               30      1000    Syntax error near ( import )
[57]     STX_VE_485    STX_VE_485    Syntax      rtl/riscv_defines.v                25      1000    Include file ( fpnew_pkg.sv ) could not be found or opened in read mode from current working directory ( /home/nitintyagi/pulpino ) or other include directory paths( if any )
[58]     STX_VE_606    STX_VE_606    Syntax      rtl/riscv_defines.v                422     1000    Identifier ( C_RVD ) not declared in current scope
[59]     STX_VE_606    STX_VE_606    Syntax      rtl/riscv_defines.v                423     1000    Identifier ( C_RVF ) not declared in current scope
[5A]     STX_VE_606    STX_VE_606    Syntax      rtl/riscv_defines.v                424     1000    Identifier ( C_XF16 ) not declared in current scope
[5B]     STX_VE_606    STX_VE_606    Syntax      rtl/riscv_defines.v                425     1000    Identifier ( C_XF16ALT ) not declared in current scope
[5C]     STX_VE_606    STX_VE_606    Syntax      rtl/riscv_defines.v                426     1000    Identifier ( C_XF8 ) not declared in current scope
[5D]     STX_VE_485    STX_VE_485    Syntax      rtl/riscv_ex_stage.sv              35      1000    Include file ( apu_macros.sv ) could not be found or opened in read mode from current working directory ( /home/nitintyagi/pulpino ) or other include directory paths( if any )
[5E]     STX_VE_606    STX_VE_606    Syntax      rtl/riscv_ex_stage.sv              54      1000    Identifier ( ALU_OP_WIDTH ) not declared in current scope
[5F]     STX_VE_606    STX_VE_606    Syntax      rtl/riscv_ex_stage.sv              89      1000    Identifier ( C_PC ) not declared in current scope
[60]     STX_VE_606    STX_VE_606    Syntax      rtl/riscv_ex_stage.sv              90      1000    Identifier ( C_FFLAG ) not declared in current scope
[61]     STX_VE_479    STX_VE_479    Syntax      rtl/riscv_ex_stage.sv              176     1000    Syntax error near ( ) ). Please use 'set_option enableSV09 yes' to support SystemVerilog-2009 construct ( package import in header )
[62]     STX_VE_606    STX_VE_606    Syntax      rtl/riscv_ex_stage.sv              211     1000    Identifier ( regfile_alu_wdata_fw_o ) not declared in current scope
[63]     STX_VE_606    STX_VE_606    Syntax      rtl/riscv_ex_stage.sv              212     1000    Identifier ( regfile_alu_waddr_fw_o ) not declared in current scope
[64]     STX_VE_606    STX_VE_606    Syntax      rtl/riscv_ex_stage.sv              213     1000    Identifier ( regfile_alu_we_fw_o ) not declared in current scope
[65]     STX_VE_606    STX_VE_606    Syntax      rtl/riscv_ex_stage.sv              218     1000    Identifier ( regfile_alu_we_fw_o ) not declared in current scope
[66]     STX_VE_606    STX_VE_606    Syntax      rtl/riscv_ex_stage.sv              219     1000    Identifier ( regfile_alu_waddr_fw_o ) not declared in current scope
[67]     STX_VE_606    STX_VE_606    Syntax      rtl/riscv_ex_stage.sv              220     1000    Identifier ( regfile_alu_wdata_fw_o ) not declared in current scope
[68]     STX_VE_606    STX_VE_606    Syntax      rtl/riscv_ex_stage.sv              222     1000    Identifier ( regfile_alu_we_i ) not declared in current scope
[69]     STX_VE_606    STX_VE_606    Syntax      rtl/riscv_ex_stage.sv              222     1000    Identifier ( apu_en_i ) not declared in current scope
[6A]     STX_VE_606    STX_VE_606    Syntax      rtl/riscv_ex_stage.sv              226     1000    Identifier ( regfile_alu_we_fw_o ) not declared in current scope
[6B]     STX_VE_606    STX_VE_606    Syntax      rtl/riscv_ex_stage.sv              226     1000    Identifier ( regfile_alu_we_i ) not declared in current scope
[6C]     STX_VE_606    STX_VE_606    Syntax      rtl/riscv_ex_stage.sv              226     1000    Identifier ( apu_en_i ) not declared in current scope
[6D]     STX_VE_606    STX_VE_606    Syntax      rtl/riscv_ex_stage.sv              227     1000    Identifier ( regfile_alu_waddr_fw_o ) not declared in current scope
[6E]     STX_VE_606    STX_VE_606    Syntax      rtl/riscv_ex_stage.sv              227     1000    Identifier ( regfile_alu_waddr_i ) not declared in current scope
[6F]     STX_VE_606    STX_VE_606    Syntax      rtl/riscv_ex_stage.sv              228     1000    Identifier ( alu_en_i ) not declared in current scope
[70]     STX_VE_606    STX_VE_606    Syntax      rtl/riscv_ex_stage.sv              230     1000    Identifier ( mult_en_i ) not declared in current scope
[71]     STX_VE_606    STX_VE_606    Syntax      rtl/riscv_ex_stage.sv              232     1000    Identifier ( csr_access_i ) not declared in current scope
[72]     STX_VE_606    STX_VE_606    Syntax      rtl/riscv_ex_stage.sv              233     1000    Identifier ( csr_rdata_i ) not declared in current scope
[73]     STX_VE_606    STX_VE_606    Syntax      rtl/riscv_ex_stage.sv              240     1000    Identifier ( regfile_we_wb_o ) not declared in current scope
[74]     STX_VE_606    STX_VE_606    Syntax      rtl/riscv_ex_stage.sv              241     1000    Identifier ( regfile_waddr_wb_o ) not declared in current scope
[75]     STX_VE_606    STX_VE_606    Syntax      rtl/riscv_ex_stage.sv              242     1000    Identifier ( regfile_wdata_wb_o ) not declared in current scope
[76]     STX_VE_606    STX_VE_606    Syntax      rtl/riscv_ex_stage.sv              242     1000    Identifier ( lsu_rdata_i ) not declared in current scope
[77]     STX_VE_606    STX_VE_606    Syntax      rtl/riscv_ex_stage.sv              246     1000    Identifier ( regfile_we_wb_o ) not declared in current scope
[78]     STX_VE_606    STX_VE_606    Syntax      rtl/riscv_ex_stage.sv              253     1000    Identifier ( regfile_we_wb_o ) not declared in current scope
[79]     STX_VE_606    STX_VE_606    Syntax      rtl/riscv_ex_stage.sv              254     1000    Identifier ( regfile_waddr_wb_o ) not declared in current scope
[7A]     STX_VE_606    STX_VE_606    Syntax      rtl/riscv_ex_stage.sv              255     1000    Identifier ( regfile_wdata_wb_o ) not declared in current scope
[7B]     STX_VE_606    STX_VE_606    Syntax      rtl/riscv_ex_stage.sv              261     1000    Identifier ( alu_operand_c_i ) not declared in current scope
[7C]     STX_VE_606    STX_VE_606    Syntax      rtl/riscv_ex_stage.sv              401     1000    Identifier ( apu_master_gnt_i ) not declared in current scope
[7D]     STX_VE_606    STX_VE_606    Syntax      rtl/riscv_ex_stage.sv              402     1000    Identifier ( apu_master_valid_i ) not declared in current scope
[7E]     STX_VE_606    STX_VE_606    Syntax      rtl/riscv_ex_stage.sv              403     1000    Identifier ( apu_operands_i ) not declared in current scope
[7F]     STX_VE_606    STX_VE_606    Syntax      rtl/riscv_ex_stage.sv              404     1000    Identifier ( apu_op_i ) not declared in current scope
[80]     STX_VE_606    STX_VE_606    Syntax      rtl/riscv_ex_stage.sv              405     1000    Identifier ( apu_master_result_i ) not declared in current scope
[81]     STX_VE_606    STX_VE_606    Syntax      rtl/riscv_ex_stage.sv              421     1000    Identifier ( C_FPNEW_OPBITS ) not declared in current scope
[82]     STX_VE_606    STX_VE_606    Syntax      rtl/riscv_ex_stage.sv              425     1000    Identifier ( C_FPNEW_FMTBITS ) not declared in current scope
[83]     STX_VE_606    STX_VE_606    Syntax      rtl/riscv_ex_stage.sv              426     1000    Identifier ( C_FPNEW_FMTBITS ) not declared in current scope
[84]     STX_VE_606    STX_VE_606    Syntax      rtl/riscv_ex_stage.sv              427     1000    Identifier ( C_FPNEW_IFMTBITS ) not declared in current scope
[85]     STX_VE_606    STX_VE_606    Syntax      rtl/riscv_ex_stage.sv              428     1000    Identifier ( C_RM ) not declared in current scope
[86]     STX_VE_606    STX_VE_606    Syntax      rtl/riscv_ex_stage.sv              430     1000    Identifier ( apu_op_i ) not declared in current scope
[87]     STX_VE_606    STX_VE_606    Syntax      rtl/riscv_ex_stage.sv              431     1000    Identifier ( apu_flags_i ) not declared in current scope
[88]     STX_VE_606    STX_VE_606    Syntax      rtl/riscv_ex_stage.sv              442     1000    Identifier ( C_FLEN ) not declared in current scope
[89]     STX_VE_606    STX_VE_606    Syntax      rtl/riscv_ex_stage.sv              443     1000    Identifier ( C_XFVEC ) not declared in current scope
[8A]     STX_VE_606    STX_VE_606    Syntax      rtl/riscv_ex_stage.sv              445     1000    Identifier ( C_RVF ) not declared in current scope
[8B]     STX_VE_606    STX_VE_606    Syntax      rtl/riscv_ex_stage.sv              445     1000    Identifier ( C_RVD ) not declared in current scope
[8C]     STX_VE_606    STX_VE_606    Syntax      rtl/riscv_ex_stage.sv              445     1000    Identifier ( C_XF16 ) not declared in current scope
[8D]     STX_VE_606    STX_VE_606    Syntax      rtl/riscv_ex_stage.sv              445     1000    Identifier ( C_XF8 ) not declared in current scope
[8E]     STX_VE_606    STX_VE_606    Syntax      rtl/riscv_ex_stage.sv              445     1000    Identifier ( C_XF16ALT ) not declared in current scope
[8F]     STX_VE_606    STX_VE_606    Syntax      rtl/riscv_ex_stage.sv              446     1000    Identifier ( C_XFVEC ) not declared in current scope
[90]     STX_VE_606    STX_VE_606    Syntax      rtl/riscv_ex_stage.sv              446     1000    Identifier ( C_XF8 ) not declared in current scope
[91]     STX_VE_606    STX_VE_606    Syntax      rtl/riscv_ex_stage.sv              446     1000    Identifier ( C_XFVEC ) not declared in current scope
[92]     STX_VE_606    STX_VE_606    Syntax      rtl/riscv_ex_stage.sv              446     1000    Identifier ( C_XF16 ) not declared in current scope
[93]     STX_VE_606    STX_VE_606    Syntax      rtl/riscv_ex_stage.sv              446     1000    Identifier ( C_XF16ALT ) not declared in current scope
[94]     STX_VE_606    STX_VE_606    Syntax      rtl/riscv_ex_stage.sv              452     1000    Identifier ( C_LAT_FP32 ) not declared in current scope
[95]     STX_VE_606    STX_VE_606    Syntax      rtl/riscv_ex_stage.sv              452     1000    Identifier ( C_LAT_FP64 ) not declared in current scope
[96]     STX_VE_606    STX_VE_606    Syntax      rtl/riscv_ex_stage.sv              452     1000    Identifier ( C_LAT_FP16 ) not declared in current scope
[97]     STX_VE_606    STX_VE_606    Syntax      rtl/riscv_ex_stage.sv              452     1000    Identifier ( C_LAT_FP8 ) not declared in current scope
[98]     STX_VE_606    STX_VE_606    Syntax      rtl/riscv_ex_stage.sv              452     1000    Identifier ( C_LAT_FP16ALT ) not declared in current scope
[99]     STX_VE_606    STX_VE_606    Syntax      rtl/riscv_ex_stage.sv              453     1000    Identifier ( C_LAT_DIVSQRT ) not declared in current scope
[9A]     STX_VE_606    STX_VE_606    Syntax      rtl/riscv_ex_stage.sv              454     1000    Identifier ( C_LAT_NONCOMP ) not declared in current scope
[9B]     STX_VE_606    STX_VE_606    Syntax      rtl/riscv_ex_stage.sv              455     1000    Identifier ( C_LAT_CONV ) not declared in current scope
[9C]     STX_VE_606    STX_VE_606    Syntax      rtl/riscv_ex_stage.sv              497     1000    Identifier ( apu_master_operands_o ) not declared in current scope
[9D]     STX_VE_606    STX_VE_606    Syntax      rtl/riscv_ex_stage.sv              498     1000    Identifier ( apu_master_operands_o ) not declared in current scope
[9E]     STX_VE_606    STX_VE_606    Syntax      rtl/riscv_ex_stage.sv              499     1000    Identifier ( apu_master_operands_o ) not declared in current scope
[9F]     STX_VE_606    STX_VE_606    Syntax      rtl/riscv_ex_stage.sv              512     1000    Identifier ( apu_master_operands_o ) not declared in current scope
[A0]     STX_VE_606    STX_VE_606    Syntax      rtl/riscv_ex_stage.sv              513     1000    Identifier ( apu_master_operands_o ) not declared in current scope
[A1]     STX_VE_606    STX_VE_606    Syntax      rtl/riscv_ex_stage.sv              514     1000    Identifier ( apu_master_operands_o ) not declared in current scope
[A2]     STX_VE_606    STX_VE_606    Syntax      rtl/riscv_ex_stage.sv              551     1000    Identifier ( ex_valid_o ) not declared in current scope
[A3]     STX_VE_606    STX_VE_606    Syntax      rtl/riscv_ex_stage.sv              553     1000    Identifier ( regfile_we_i ) not declared in current scope
[A4]     STX_VE_606    STX_VE_606    Syntax      rtl/riscv_ex_stage.sv              553     1000    Identifier ( lsu_err_i ) not declared in current scope
[A5]     STX_VE_606    STX_VE_606    Syntax      rtl/riscv_ex_stage.sv              554     1000    Identifier ( regfile_we_i ) not declared in current scope
[A6]     STX_VE_606    STX_VE_606    Syntax      rtl/riscv_ex_stage.sv              554     1000    Identifier ( lsu_err_i ) not declared in current scope
[A7]     STX_VE_606    STX_VE_606    Syntax      rtl/riscv_ex_stage.sv              555     1000    Identifier ( regfile_waddr_i ) not declared in current scope
[A8]     STX_VE_606    STX_VE_606    Syntax      rtl/riscv_ex_stage.sv              557     1000    Identifier ( wb_ready_i ) not declared in current scope
[A9]     STX_VE_606    STX_VE_606    Syntax      rtl/riscv_ex_stage.sv              569     1000    Identifier ( lsu_ready_ex_i ) not declared in current scope
[AA]     STX_VE_606    STX_VE_606    Syntax      rtl/riscv_ex_stage.sv              569     1000    Identifier ( wb_ready_i ) not declared in current scope
[AB]     STX_VE_606    STX_VE_606    Syntax      rtl/riscv_ex_stage.sv              569     1000    Identifier ( branch_in_ex_i ) not declared in current scope
[AC]     STX_VE_606    STX_VE_606    Syntax      rtl/riscv_ex_stage.sv              570     1000    Identifier ( csr_access_i ) not declared in current scope
[AD]     STX_VE_606    STX_VE_606    Syntax      rtl/riscv_ex_stage.sv              570     1000    Identifier ( lsu_en_i ) not declared in current scope
[AE]     STX_VE_606    STX_VE_606    Syntax      rtl/riscv_ex_stage.sv              571     1000    Identifier ( lsu_ready_ex_i ) not declared in current scope
[AF]     STX_VE_606    STX_VE_606    Syntax      rtl/riscv_ex_stage.sv              571     1000    Identifier ( wb_ready_i ) not declared in current scope
[B0]     STX_VE_606    STX_VE_606    Syntax      rtl/riscv_id_stage.sv              124     1000    Identifier ( ALU_OP_WIDTH ) not declared in current scope
[B1]     STX_VE_606    STX_VE_606    Syntax      rtl/riscv_id_stage.sv              165     1000    Identifier ( C_RM ) not declared in current scope
[B2]     STX_VE_479    STX_VE_479    Syntax      rtl/riscv_id_stage.sv              249     1000    Syntax error near ( ) ). Please use 'set_option enableSV09 yes' to support SystemVerilog-2009 construct ( package import in header )
[B3]     STX_VE_606    STX_VE_606    Syntax      rtl/riscv_id_stage.sv              338     1000    Identifier ( ALU_OP_WIDTH ) not declared in current scope
[B4]     STX_VE_606    STX_VE_606    Syntax      rtl/riscv_id_stage.sv              359     1000    Identifier ( C_FPNEW_FMTBITS ) not declared in current scope
[B5]     STX_VE_606    STX_VE_606    Syntax      rtl/riscv_id_stage.sv              361     1000    Identifier ( C_FPNEW_FMTBITS ) not declared in current scope
[B6]     STX_VE_606    STX_VE_606    Syntax      rtl/riscv_id_stage.sv              363     1000    Identifier ( C_FPNEW_IFMTBITS ) not declared in current scope
[B7]     STX_VE_606    STX_VE_606    Syntax      rtl/riscv_id_stage.sv              521     1000    Identifier ( REGC_ZERO ) not declared in current scope
[B8]     STX_VE_606    STX_VE_606    Syntax      rtl/riscv_id_stage.sv              522     1000    Identifier ( REGC_RD ) not declared in current scope
[B9]     STX_VE_606    STX_VE_606    Syntax      rtl/riscv_id_stage.sv              523     1000    Identifier ( REGC_S1 ) not declared in current scope
[BA]     STX_VE_606    STX_VE_606    Syntax      rtl/riscv_id_stage.sv              524     1000    Identifier ( REGC_S4 ) not declared in current scope
[BB]     STX_VE_606    STX_VE_606    Syntax      rtl/riscv_id_stage.sv              548     1000    Identifier ( regfile_waddr_wb_i ) not declared in current scope
[BC]     STX_VE_606    STX_VE_606    Syntax      rtl/riscv_id_stage.sv              549     1000    Identifier ( regfile_waddr_wb_i ) not declared in current scope
[BD]     STX_VE_606    STX_VE_606    Syntax      rtl/riscv_id_stage.sv              550     1000    Identifier ( regfile_waddr_wb_i ) not declared in current scope
[BE]     STX_VE_606    STX_VE_606    Syntax      rtl/riscv_id_stage.sv              551     1000    Identifier ( regfile_alu_waddr_fw_i ) not declared in current scope
[BF]     STX_VE_606    STX_VE_606    Syntax      rtl/riscv_id_stage.sv              552     1000    Identifier ( regfile_alu_waddr_fw_i ) not declared in current scope
[C0]     STX_VE_606    STX_VE_606    Syntax      rtl/riscv_id_stage.sv              553     1000    Identifier ( regfile_alu_waddr_fw_i ) not declared in current scope
[C1]     STX_VE_606    STX_VE_606    Syntax      rtl/riscv_id_stage.sv              612     1000    Identifier ( csr_hwlp_data_i ) not declared in current scope
[C2]     STX_VE_606    STX_VE_606    Syntax      rtl/riscv_id_stage.sv              613     1000    Identifier ( csr_hwlp_data_i ) not declared in current scope
[C3]     STX_VE_606    STX_VE_606    Syntax      rtl/riscv_id_stage.sv              614     1000    Identifier ( csr_hwlp_data_i ) not declared in current scope
[C4]     STX_VE_606    STX_VE_606    Syntax      rtl/riscv_id_stage.sv              615     1000    Identifier ( csr_hwlp_regid_i ) not declared in current scope
[C5]     STX_VE_606    STX_VE_606    Syntax      rtl/riscv_id_stage.sv              616     1000    Identifier ( csr_hwlp_we_i ) not declared in current scope
[C6]     STX_VE_606    STX_VE_606    Syntax      rtl/riscv_id_stage.sv              630     1000    Identifier ( JT_JAL ) not declared in current scope
[C7]     STX_VE_606    STX_VE_606    Syntax      rtl/riscv_id_stage.sv              631     1000    Identifier ( JT_COND ) not declared in current scope
[C8]     STX_VE_606    STX_VE_606    Syntax      rtl/riscv_id_stage.sv              634     1000    Identifier ( JT_JALR ) not declared in current scope
+++++++++++++++++++++++++++++++++++++++++++++++++++++++++++++++++++++++++++++++++++++++


############### BuiltIn -> RuleGroup=Design Read ###############
+++++++++++++++++++++++++++++++++++++++++++++++++++++++++++++++++++++++++++++++++++++++
ID       Rule         Alias        Severity          File                           Line    Wt      Message
======================================================================================
[1E]     SYNTH_126    SYNTH_126    SynthesisError    rtl/generic_service_unit.sv    60      1000    Procedural continuous assign statements are not synthesizable
[C9]     INFO_1017    INFO_1017    Info              (null file)                    0       1000    Maximum permissible error count of ( 200 ) exceeded. Analysis terminated
+++++++++++++++++++++++++++++++++++++++++++++++++++++++++++++++++++++++++++++++++++++++
